INFO:    Instance stats will not be available - requires cgroups v2 with systemd as manager.
INFO:    instance started successfully
2023-12-22 05:27:39.688 [IPController] Hub listening on tcp://0.0.0.0:53177 for registration.
2023-12-22 05:27:39.771 [IPController] Hub using DB backend: DictDB
2023-12-22 05:27:40.026 [IPController] hub::created hub
2023-12-22 05:27:40.026 [IPController] writing connection info to /mmfs1/home/dalba/.ipython/profile_cheme-deeprpo/security/ipcontroller-client.json
2023-12-22 05:27:40.035 [IPController] writing connection info to /mmfs1/home/dalba/.ipython/profile_cheme-deeprpo/security/ipcontroller-engine.json
2023-12-22 05:27:40.049 [IPController] task::using Python leastload Task scheduler
2023-12-22 05:27:40.077 [IPController] Heartmonitor beating every 3000ms
2023-12-22 05:27:40.079 [task] Task scheduler started [leastload]
2023-12-22 05:27:40.081 [IPController] client::client b'\x00k\x8bEg' requested 'connection_request'
2023-12-22 05:27:40.081 [IPController] client::client [b'\x00k\x8bEg'] connected
2023-12-22 05:27:40.082 [broadcast-0] BroadcastScheduler 0 started
2023-12-22 05:27:40.084 [broadcast-00] BroadcastScheduler 00 started
2023-12-22 05:27:40.086 [broadcast-01] BroadcastScheduler 01 started
2023-12-22 05:27:40.090 [IPController] heartbeat::waiting for subscription
2023-12-22 05:27:40.090 [IPController] heartbeat::subscription started
2023-12-22 05:28:44.948 [IPController] client::client b'321a5262-c13833b578daec83056534f8' requested 'registration_request'
2023-12-22 05:28:44.953 [IPController] registration::accepting registration 0:321a5262-c13833b578daec83056534f8
2023-12-22 05:28:44.955 [IPController] client::client b'1522086c-95c1e261622a765462b3cd51' requested 'registration_request'
2023-12-22 05:28:44.956 [IPController] registration::accepting registration 1:1522086c-95c1e261622a765462b3cd51
2023-12-22 05:28:44.957 [IPController] client::client b'4329fa26-0775bc5de98ef5eaab69a4d6' requested 'registration_request'
2023-12-22 05:28:44.958 [IPController] registration::accepting registration 2:4329fa26-0775bc5de98ef5eaab69a4d6
2023-12-22 05:28:44.959 [IPController] client::client b'ce21d80f-a2acdfa70337da83e49a17da' requested 'registration_request'
2023-12-22 05:28:44.960 [IPController] registration::accepting registration 3:ce21d80f-a2acdfa70337da83e49a17da
2023-12-22 05:28:44.961 [IPController] client::client b'a45d8bd2-055f30dcdfa74e5f0c352dd9' requested 'registration_request'
2023-12-22 05:28:44.962 [IPController] registration::accepting registration 4:a45d8bd2-055f30dcdfa74e5f0c352dd9
2023-12-22 05:28:44.963 [IPController] client::client b'759c1dc2-937f3d29cfcf61df718d1655' requested 'registration_request'
2023-12-22 05:28:44.963 [IPController] registration::accepting registration 5:759c1dc2-937f3d29cfcf61df718d1655
2023-12-22 05:28:44.964 [IPController] client::client b'258f265d-229e694d3aabc6a8ca1a13ed' requested 'registration_request'
2023-12-22 05:28:44.965 [IPController] registration::accepting registration 6:258f265d-229e694d3aabc6a8ca1a13ed
2023-12-22 05:28:44.965 [IPController] client::client b'c0bf4146-7438c1aa6eda57fb146130b5' requested 'registration_request'
2023-12-22 05:28:44.966 [IPController] registration::accepting registration 7:c0bf4146-7438c1aa6eda57fb146130b5
2023-12-22 05:28:44.969 [IPController] client::client b'25d656a4-6e76ba0783f4016e0a9783fc' requested 'registration_request'
2023-12-22 05:28:44.969 [IPController] registration::accepting registration 8:25d656a4-6e76ba0783f4016e0a9783fc
2023-12-22 05:28:44.969 [IPController] client::client b'760efbe7-f57cd4c93e5276bf26172e9f' requested 'registration_request'
2023-12-22 05:28:44.970 [IPController] registration::accepting registration 9:760efbe7-f57cd4c93e5276bf26172e9f
2023-12-22 05:28:44.973 [IPController] client::client b'88078255-d630c9d7e651f6a93abb6e7d' requested 'registration_request'
2023-12-22 05:28:44.974 [IPController] registration::accepting registration 10:88078255-d630c9d7e651f6a93abb6e7d
2023-12-22 05:28:44.974 [IPController] client::client b'c4ef179a-137c76c11595b6c8c460ce13' requested 'registration_request'
2023-12-22 05:28:44.974 [IPController] registration::accepting registration 11:c4ef179a-137c76c11595b6c8c460ce13
2023-12-22 05:28:44.980 [IPController] client::client b'24666054-adaf16d3e48575ff348aad52' requested 'registration_request'
2023-12-22 05:28:44.981 [IPController] registration::accepting registration 12:24666054-adaf16d3e48575ff348aad52
2023-12-22 05:28:44.998 [IPController] client::client b'194f12ad-1b529b64a7e2402e6d90a14d' requested 'registration_request'
2023-12-22 05:28:44.999 [IPController] registration::accepting registration 13:194f12ad-1b529b64a7e2402e6d90a14d
2023-12-22 05:28:45.000 [IPController] client::client b'857cfc45-25550db237ac9a8bdf501fd3' requested 'registration_request'
2023-12-22 05:28:45.002 [IPController] registration::accepting registration 14:857cfc45-25550db237ac9a8bdf501fd3
2023-12-22 05:28:45.003 [IPController] client::client b'76ad1d2a-1a1cafbe2670d11733d88873' requested 'registration_request'
2023-12-22 05:28:45.004 [IPController] registration::accepting registration 15:76ad1d2a-1a1cafbe2670d11733d88873
2023-12-22 05:28:45.005 [IPController] client::client b'20ec480d-0b2f161705c6b5a3c197a90b' requested 'registration_request'
2023-12-22 05:28:45.007 [IPController] registration::accepting registration 16:20ec480d-0b2f161705c6b5a3c197a90b
2023-12-22 05:28:45.008 [IPController] client::client b'81a5b585-197f6d8f5d63df681211773a' requested 'registration_request'
2023-12-22 05:28:45.008 [IPController] registration::accepting registration 17:81a5b585-197f6d8f5d63df681211773a
2023-12-22 05:28:45.011 [IPController] client::client b'ee386540-a1c58c0b034ae1185a31e84c' requested 'registration_request'
2023-12-22 05:28:45.011 [IPController] registration::accepting registration 18:ee386540-a1c58c0b034ae1185a31e84c
2023-12-22 05:28:45.016 [IPController] client::client b'e3b4bfbc-c1cf57f3b867775bd1196371' requested 'registration_request'
2023-12-22 05:28:45.016 [IPController] registration::accepting registration 19:e3b4bfbc-c1cf57f3b867775bd1196371
2023-12-22 05:28:45.022 [IPController] client::client b'366de395-cfea93707e6dcf7983ce93e7' requested 'registration_request'
2023-12-22 05:28:45.023 [IPController] registration::accepting registration 20:366de395-cfea93707e6dcf7983ce93e7
2023-12-22 05:28:45.024 [IPController] client::client b'1c1f7cab-5116cedd99535af312bcdd12' requested 'registration_request'
2023-12-22 05:28:45.025 [IPController] registration::accepting registration 21:1c1f7cab-5116cedd99535af312bcdd12
2023-12-22 05:28:45.026 [IPController] client::client b'7665b6c0-51fe08f9e35b60eeadffb919' requested 'registration_request'
2023-12-22 05:28:45.027 [IPController] registration::accepting registration 22:7665b6c0-51fe08f9e35b60eeadffb919
2023-12-22 05:28:45.028 [IPController] client::client b'5ffc0098-77ae91eafd7e608da9f74fb3' requested 'registration_request'
2023-12-22 05:28:45.029 [IPController] registration::accepting registration 23:5ffc0098-77ae91eafd7e608da9f74fb3
2023-12-22 05:28:45.030 [IPController] client::client b'f41f5961-cd0429493811edae763297d7' requested 'registration_request'
2023-12-22 05:28:45.031 [IPController] registration::accepting registration 24:f41f5961-cd0429493811edae763297d7
2023-12-22 05:28:45.034 [IPController] client::client b'cf3e8dc9-902547c530580b3a11417f91' requested 'registration_request'
2023-12-22 05:28:45.034 [IPController] registration::accepting registration 25:cf3e8dc9-902547c530580b3a11417f91
2023-12-22 05:28:45.035 [IPController] client::client b'f5782641-405e126e5660c67a88804db3' requested 'registration_request'
2023-12-22 05:28:45.036 [IPController] registration::accepting registration 26:f5782641-405e126e5660c67a88804db3
2023-12-22 05:28:45.041 [IPController] client::client b'21ea6389-2dc2b2c15498abb2bd4f54ae' requested 'registration_request'
2023-12-22 05:28:45.042 [IPController] registration::accepting registration 27:21ea6389-2dc2b2c15498abb2bd4f54ae
2023-12-22 05:28:45.042 [IPController] client::client b'a19e50f2-adbe210052f553dfb95d8f3e' requested 'registration_request'
2023-12-22 05:28:45.043 [IPController] registration::accepting registration 28:a19e50f2-adbe210052f553dfb95d8f3e
2023-12-22 05:28:45.043 [IPController] client::client b'92773727-fdf05ee7b8d06f3a3730d8d9' requested 'registration_request'
2023-12-22 05:28:45.044 [IPController] registration::accepting registration 29:92773727-fdf05ee7b8d06f3a3730d8d9
2023-12-22 05:28:45.044 [IPController] client::client b'9899af8a-215a7d6652403472be8695c8' requested 'registration_request'
2023-12-22 05:28:45.044 [IPController] registration::accepting registration 30:9899af8a-215a7d6652403472be8695c8
2023-12-22 05:28:45.045 [IPController] client::client b'1cdf7693-3b1faf49c97fc5a3ebddc255' requested 'registration_request'
2023-12-22 05:28:45.045 [IPController] registration::accepting registration 31:1cdf7693-3b1faf49c97fc5a3ebddc255
2023-12-22 05:28:45.046 [IPController] client::client b'0f6fa186-49e91508e5dd394c39cdc3f0' requested 'registration_request'
2023-12-22 05:28:45.046 [IPController] registration::accepting registration 32:0f6fa186-49e91508e5dd394c39cdc3f0
2023-12-22 05:28:45.047 [IPController] client::client b'ad2d27fc-669bb6e00d39658f781f42b9' requested 'registration_request'
2023-12-22 05:28:45.047 [IPController] registration::accepting registration 33:ad2d27fc-669bb6e00d39658f781f42b9
2023-12-22 05:28:45.051 [IPController] client::client b'b12faffc-78a17cde8dac72364026b635' requested 'registration_request'
2023-12-22 05:28:45.051 [IPController] registration::accepting registration 34:b12faffc-78a17cde8dac72364026b635
2023-12-22 05:28:45.059 [IPController] client::client b'e6ae53fc-c5c528592523db57dd0dceff' requested 'registration_request'
2023-12-22 05:28:45.061 [IPController] registration::accepting registration 35:e6ae53fc-c5c528592523db57dd0dceff
2023-12-22 05:28:45.062 [IPController] client::client b'233443c5-8bb34f62ed6f8c6a0013e20c' requested 'registration_request'
2023-12-22 05:28:45.063 [IPController] registration::accepting registration 36:233443c5-8bb34f62ed6f8c6a0013e20c
2023-12-22 05:28:45.066 [IPController] client::client b'2c3c3514-c1470bd3720fb3fb2bccc453' requested 'registration_request'
2023-12-22 05:28:45.067 [IPController] registration::accepting registration 37:2c3c3514-c1470bd3720fb3fb2bccc453
2023-12-22 05:28:45.068 [IPController] client::client b'8c99685c-cd66f1e949a0cfdab78ed2ee' requested 'registration_request'
2023-12-22 05:28:45.070 [IPController] registration::accepting registration 38:8c99685c-cd66f1e949a0cfdab78ed2ee
2023-12-22 05:28:45.075 [IPController] client::client b'd47581a5-fa31f46fbfec0530f05e86a8' requested 'registration_request'
2023-12-22 05:28:45.076 [IPController] registration::accepting registration 39:d47581a5-fa31f46fbfec0530f05e86a8
2023-12-22 05:28:45.078 [IPController] client::client b'75776dec-95e90603d720a3cb237072a2' requested 'registration_request'
2023-12-22 05:28:45.079 [IPController] registration::accepting registration 40:75776dec-95e90603d720a3cb237072a2
2023-12-22 05:28:45.080 [IPController] client::client b'5dd1942b-dd376dc7f55aee0a25a66218' requested 'registration_request'
2023-12-22 05:28:45.080 [IPController] registration::accepting registration 41:5dd1942b-dd376dc7f55aee0a25a66218
2023-12-22 05:28:45.081 [IPController] client::client b'cfae755f-01df179e8947a1025a4a50ac' requested 'registration_request'
2023-12-22 05:28:45.081 [IPController] registration::accepting registration 42:cfae755f-01df179e8947a1025a4a50ac
2023-12-22 05:28:45.083 [IPController] client::client b'54a4de92-d3d5f706d6b476bce5174929' requested 'registration_request'
2023-12-22 05:28:45.083 [IPController] registration::accepting registration 43:54a4de92-d3d5f706d6b476bce5174929
2023-12-22 05:28:45.088 [IPController] client::client b'ab89d364-256e0afb2c335f6043416db4' requested 'registration_request'
2023-12-22 05:28:45.089 [IPController] registration::accepting registration 44:ab89d364-256e0afb2c335f6043416db4
2023-12-22 05:28:45.093 [IPController] client::client b'6c8bb9ff-d59b1b0d0e09ebb7afea8ff2' requested 'registration_request'
2023-12-22 05:28:45.094 [IPController] registration::accepting registration 45:6c8bb9ff-d59b1b0d0e09ebb7afea8ff2
2023-12-22 05:28:45.095 [IPController] client::client b'01f4c226-de784b22781ce42dbe31a1ba' requested 'registration_request'
2023-12-22 05:28:45.096 [IPController] registration::accepting registration 46:01f4c226-de784b22781ce42dbe31a1ba
2023-12-22 05:28:45.096 [IPController] client::client b'ce4dfb42-515335f31efec7cbcca447f8' requested 'registration_request'
2023-12-22 05:28:45.097 [IPController] registration::accepting registration 47:ce4dfb42-515335f31efec7cbcca447f8
2023-12-22 05:28:45.101 [IPController] client::client b'2ef8221a-f5ead6c203fb219cd7e22920' requested 'registration_request'
2023-12-22 05:28:45.102 [IPController] registration::accepting registration 48:2ef8221a-f5ead6c203fb219cd7e22920
2023-12-22 05:28:45.102 [IPController] client::client b'e89573df-a7625161d4865411e5255874' requested 'registration_request'
2023-12-22 05:28:45.103 [IPController] registration::accepting registration 49:e89573df-a7625161d4865411e5255874
2023-12-22 05:28:45.105 [IPController] client::client b'ff1d6ad0-5ba82fa407feed217570ab5b' requested 'registration_request'
2023-12-22 05:28:45.106 [IPController] registration::accepting registration 50:ff1d6ad0-5ba82fa407feed217570ab5b
2023-12-22 05:28:45.107 [IPController] client::client b'08fa1047-092f737d67115b1cad6296a8' requested 'registration_request'
2023-12-22 05:28:45.108 [IPController] registration::accepting registration 51:08fa1047-092f737d67115b1cad6296a8
2023-12-22 05:28:45.108 [IPController] client::client b'87c82ceb-fb3c020c40f06fa7b2169045' requested 'registration_request'
2023-12-22 05:28:45.109 [IPController] registration::accepting registration 52:87c82ceb-fb3c020c40f06fa7b2169045
2023-12-22 05:28:45.110 [IPController] client::client b'04efb505-42ed5d8408ef5624902ad677' requested 'registration_request'
2023-12-22 05:28:45.111 [IPController] registration::accepting registration 53:04efb505-42ed5d8408ef5624902ad677
2023-12-22 05:28:45.113 [IPController] client::client b'f1493ecb-73c6e978907198f5c5c246c0' requested 'registration_request'
2023-12-22 05:28:45.113 [IPController] registration::accepting registration 54:f1493ecb-73c6e978907198f5c5c246c0
2023-12-22 05:28:45.120 [IPController] client::client b'5d492dc5-3c4e5be6ea4f0703b7069398' requested 'registration_request'
2023-12-22 05:28:45.120 [IPController] registration::accepting registration 55:5d492dc5-3c4e5be6ea4f0703b7069398
2023-12-22 05:28:45.130 [IPController] client::client b'7349dd78-651837d1f11e440259d5cab5' requested 'registration_request'
2023-12-22 05:28:45.130 [IPController] registration::accepting registration 56:7349dd78-651837d1f11e440259d5cab5
2023-12-22 05:28:45.137 [IPController] client::client b'3831afbe-8075c4e549de908b18e00ae8' requested 'registration_request'
2023-12-22 05:28:45.138 [IPController] registration::accepting registration 57:3831afbe-8075c4e549de908b18e00ae8
2023-12-22 05:28:45.139 [IPController] client::client b'2a14ce18-3949d34b8f2d930f768d4af1' requested 'registration_request'
2023-12-22 05:28:45.139 [IPController] registration::accepting registration 58:2a14ce18-3949d34b8f2d930f768d4af1
2023-12-22 05:28:45.140 [IPController] client::client b'1754ad5d-ed1d2e2fc013bae317e4941b' requested 'registration_request'
2023-12-22 05:28:45.140 [IPController] registration::accepting registration 59:1754ad5d-ed1d2e2fc013bae317e4941b
2023-12-22 05:28:45.141 [IPController] client::client b'70d5283f-0815b3609a1aa51824a6e658' requested 'registration_request'
2023-12-22 05:28:45.142 [IPController] registration::accepting registration 60:70d5283f-0815b3609a1aa51824a6e658
2023-12-22 05:28:45.142 [IPController] client::client b'4406b77f-96c66d3ea916685a6e1f1204' requested 'registration_request'
2023-12-22 05:28:45.143 [IPController] registration::accepting registration 61:4406b77f-96c66d3ea916685a6e1f1204
2023-12-22 05:28:45.144 [IPController] client::client b'812728fe-7962d31278560d83f4f5cafb' requested 'registration_request'
2023-12-22 05:28:45.144 [IPController] registration::accepting registration 62:812728fe-7962d31278560d83f4f5cafb
2023-12-22 05:28:45.146 [IPController] client::client b'a63f8fe4-4828f70d0236e913fbc1ac59' requested 'registration_request'
2023-12-22 05:28:45.147 [IPController] registration::accepting registration 63:a63f8fe4-4828f70d0236e913fbc1ac59
2023-12-22 05:28:45.148 [IPController] client::client b'67f22fb1-784be22c3fb989d36896b112' requested 'registration_request'
2023-12-22 05:28:45.148 [IPController] registration::accepting registration 64:67f22fb1-784be22c3fb989d36896b112
2023-12-22 05:28:45.150 [IPController] client::client b'21e63a17-49fe7ed165c1742377004fd8' requested 'registration_request'
2023-12-22 05:28:45.151 [IPController] registration::accepting registration 65:21e63a17-49fe7ed165c1742377004fd8
2023-12-22 05:28:45.151 [IPController] client::client b'1dd776a7-f201529c0665b6d8b10eb95d' requested 'registration_request'
2023-12-22 05:28:45.152 [IPController] registration::accepting registration 66:1dd776a7-f201529c0665b6d8b10eb95d
2023-12-22 05:28:45.152 [IPController] client::client b'42008ed6-30a785be45e97369d5d21ba1' requested 'registration_request'
2023-12-22 05:28:45.152 [IPController] registration::accepting registration 67:42008ed6-30a785be45e97369d5d21ba1
2023-12-22 05:28:45.153 [IPController] client::client b'4393b19e-629981aa9b8d00fcc44306e5' requested 'registration_request'
2023-12-22 05:28:45.153 [IPController] registration::accepting registration 68:4393b19e-629981aa9b8d00fcc44306e5
2023-12-22 05:28:45.153 [IPController] client::client b'90b7b13e-da0e82b35fec1caa8344cd18' requested 'registration_request'
2023-12-22 05:28:45.154 [IPController] registration::accepting registration 69:90b7b13e-da0e82b35fec1caa8344cd18
2023-12-22 05:28:45.160 [IPController] client::client b'387ff05b-8ab724dc06789071583f7116' requested 'registration_request'
2023-12-22 05:28:45.160 [IPController] registration::accepting registration 70:387ff05b-8ab724dc06789071583f7116
2023-12-22 05:28:45.165 [IPController] client::client b'1dd35358-b2bc7cd0ab9a31a090ab8a9a' requested 'registration_request'
2023-12-22 05:28:45.165 [IPController] registration::accepting registration 71:1dd35358-b2bc7cd0ab9a31a090ab8a9a
2023-12-22 05:28:45.168 [IPController] client::client b'a2555200-c71acd720d32389084309528' requested 'registration_request'
2023-12-22 05:28:45.169 [IPController] registration::accepting registration 72:a2555200-c71acd720d32389084309528
2023-12-22 05:28:45.170 [IPController] client::client b'29999a77-b2f001dd40e7850042e3e5bf' requested 'registration_request'
2023-12-22 05:28:45.171 [IPController] registration::accepting registration 73:29999a77-b2f001dd40e7850042e3e5bf
2023-12-22 05:28:45.172 [IPController] client::client b'e3ee3502-e6abf1b7b025064e26ae84e0' requested 'registration_request'
2023-12-22 05:28:45.172 [IPController] registration::accepting registration 74:e3ee3502-e6abf1b7b025064e26ae84e0
2023-12-22 05:28:45.173 [IPController] client::client b'f0f87e9d-ebb749f23ed1e9de2ed251c9' requested 'registration_request'
2023-12-22 05:28:45.174 [IPController] registration::accepting registration 75:f0f87e9d-ebb749f23ed1e9de2ed251c9
2023-12-22 05:28:45.174 [IPController] client::client b'c28f8a03-7b72e637208507bfdabcc4ce' requested 'registration_request'
2023-12-22 05:28:45.175 [IPController] registration::accepting registration 76:c28f8a03-7b72e637208507bfdabcc4ce
2023-12-22 05:28:45.175 [IPController] client::client b'b021e00d-3ccaaded9cbdfe4e19bb2ff6' requested 'registration_request'
2023-12-22 05:28:45.175 [IPController] registration::accepting registration 77:b021e00d-3ccaaded9cbdfe4e19bb2ff6
2023-12-22 05:28:45.176 [IPController] client::client b'7db1762e-59cfd5c037f5e1e78e318a7e' requested 'registration_request'
2023-12-22 05:28:45.176 [IPController] registration::accepting registration 78:7db1762e-59cfd5c037f5e1e78e318a7e
2023-12-22 05:28:45.177 [IPController] client::client b'd3e55311-2bdc3b44943cb04273fdc086' requested 'registration_request'
2023-12-22 05:28:45.177 [IPController] registration::accepting registration 79:d3e55311-2bdc3b44943cb04273fdc086
2023-12-22 05:28:45.180 [IPController] client::client b'bea23a61-f63a1eeef04c6d539122f6ba' requested 'registration_request'
2023-12-22 05:28:45.180 [IPController] registration::accepting registration 80:bea23a61-f63a1eeef04c6d539122f6ba
2023-12-22 05:28:45.181 [IPController] client::client b'3755fa64-017cfb0b4b54f86617245cc6' requested 'registration_request'
2023-12-22 05:28:45.181 [IPController] registration::accepting registration 81:3755fa64-017cfb0b4b54f86617245cc6
2023-12-22 05:28:45.184 [IPController] client::client b'9c15bdfb-02e8addba30b1c8e3ff5eaef' requested 'registration_request'
2023-12-22 05:28:45.184 [IPController] registration::accepting registration 82:9c15bdfb-02e8addba30b1c8e3ff5eaef
2023-12-22 05:28:45.185 [IPController] client::client b'9265fc70-9bcc92acbaec9e5fb50e4fa6' requested 'registration_request'
2023-12-22 05:28:45.185 [IPController] registration::accepting registration 83:9265fc70-9bcc92acbaec9e5fb50e4fa6
2023-12-22 05:28:45.185 [IPController] client::client b'400fc172-f33b37b453d66b7cd014ba5f' requested 'registration_request'
2023-12-22 05:28:45.186 [IPController] registration::accepting registration 84:400fc172-f33b37b453d66b7cd014ba5f
2023-12-22 05:28:45.187 [IPController] client::client b'17a502d2-769531f37511f1e7409364e0' requested 'registration_request'
2023-12-22 05:28:45.188 [IPController] registration::accepting registration 85:17a502d2-769531f37511f1e7409364e0
2023-12-22 05:28:45.190 [IPController] client::client b'8e5e8d61-8c959ea7af3500331dd5030c' requested 'registration_request'
2023-12-22 05:28:45.190 [IPController] registration::accepting registration 86:8e5e8d61-8c959ea7af3500331dd5030c
2023-12-22 05:28:45.191 [IPController] client::client b'3574b7c5-9914e0bd74cfd46fa4e964c7' requested 'registration_request'
2023-12-22 05:28:45.191 [IPController] registration::accepting registration 87:3574b7c5-9914e0bd74cfd46fa4e964c7
2023-12-22 05:28:45.193 [IPController] client::client b'6b2bb3cc-cb351932239213b7088deaed' requested 'registration_request'
2023-12-22 05:28:45.193 [IPController] registration::accepting registration 88:6b2bb3cc-cb351932239213b7088deaed
2023-12-22 05:28:45.195 [IPController] client::client b'84d0713c-877083e4e0ab72b27aa32929' requested 'registration_request'
2023-12-22 05:28:45.195 [IPController] registration::accepting registration 89:84d0713c-877083e4e0ab72b27aa32929
2023-12-22 05:28:45.197 [IPController] client::client b'674d57dd-0d810e28ec03d12a0b260957' requested 'registration_request'
2023-12-22 05:28:45.198 [IPController] registration::accepting registration 90:674d57dd-0d810e28ec03d12a0b260957
2023-12-22 05:28:45.198 [IPController] client::client b'1422886f-f42b1132c41bc0999b65e04b' requested 'registration_request'
2023-12-22 05:28:45.198 [IPController] registration::accepting registration 91:1422886f-f42b1132c41bc0999b65e04b
2023-12-22 05:28:45.199 [IPController] client::client b'3a0e1d6a-459bdf83a4646689abbd7cfe' requested 'registration_request'
2023-12-22 05:28:45.200 [IPController] registration::accepting registration 92:3a0e1d6a-459bdf83a4646689abbd7cfe
2023-12-22 05:28:45.202 [IPController] client::client b'b6e1ff6b-5b776a3b152d5e89d119f170' requested 'registration_request'
2023-12-22 05:28:45.203 [IPController] registration::accepting registration 93:b6e1ff6b-5b776a3b152d5e89d119f170
2023-12-22 05:28:45.206 [IPController] client::client b'54119675-376bbd0added31ee502433c4' requested 'registration_request'
2023-12-22 05:28:45.206 [IPController] registration::accepting registration 94:54119675-376bbd0added31ee502433c4
2023-12-22 05:28:45.208 [IPController] client::client b'598ce44f-ca86a27c8bc96873c63bdb8e' requested 'registration_request'
2023-12-22 05:28:45.209 [IPController] registration::accepting registration 95:598ce44f-ca86a27c8bc96873c63bdb8e
2023-12-22 05:28:45.211 [IPController] client::client b'c01ab54b-3c9494391d83b3b32356410d' requested 'registration_request'
2023-12-22 05:28:45.211 [IPController] registration::accepting registration 96:c01ab54b-3c9494391d83b3b32356410d
2023-12-22 05:28:45.212 [IPController] client::client b'c928afff-39fcae048a4366cae8026677' requested 'registration_request'
2023-12-22 05:28:45.213 [IPController] registration::accepting registration 97:c928afff-39fcae048a4366cae8026677
2023-12-22 05:28:45.215 [IPController] client::client b'f92e7a2d-9c703574ba4a3d4db9860691' requested 'registration_request'
2023-12-22 05:28:45.216 [IPController] registration::accepting registration 98:f92e7a2d-9c703574ba4a3d4db9860691
2023-12-22 05:28:45.216 [IPController] client::client b'606f2045-7c5dd7dfbe4329324441c5dc' requested 'registration_request'
2023-12-22 05:28:45.216 [IPController] registration::accepting registration 99:606f2045-7c5dd7dfbe4329324441c5dc
2023-12-22 05:28:45.223 [IPController] client::client b'bc82ebb8-0dab2239495ec3244872a822' requested 'registration_request'
2023-12-22 05:28:45.224 [IPController] registration::accepting registration 100:bc82ebb8-0dab2239495ec3244872a822
2023-12-22 05:28:45.226 [IPController] client::client b'de495fe5-a1dfe3d4845ee08fc8ecab05' requested 'registration_request'
2023-12-22 05:28:45.227 [IPController] registration::accepting registration 101:de495fe5-a1dfe3d4845ee08fc8ecab05
2023-12-22 05:28:45.228 [IPController] client::client b'f756ddcb-eedef517d49f00d865436888' requested 'registration_request'
2023-12-22 05:28:45.230 [IPController] registration::accepting registration 102:f756ddcb-eedef517d49f00d865436888
2023-12-22 05:28:45.231 [IPController] client::client b'41760fcc-869ee786dd3f35c22ae2eaf8' requested 'registration_request'
2023-12-22 05:28:45.232 [IPController] registration::accepting registration 103:41760fcc-869ee786dd3f35c22ae2eaf8
2023-12-22 05:28:45.233 [IPController] client::client b'fb56880f-ce1e39961ad4c09976ff94a4' requested 'registration_request'
2023-12-22 05:28:45.234 [IPController] registration::accepting registration 104:fb56880f-ce1e39961ad4c09976ff94a4
2023-12-22 05:28:45.234 [IPController] client::client b'3dc58e26-db79ac27339771efe430c650' requested 'registration_request'
2023-12-22 05:28:45.235 [IPController] registration::accepting registration 105:3dc58e26-db79ac27339771efe430c650
2023-12-22 05:28:45.235 [IPController] client::client b'a40a3ead-bca488ce6c05b3930b2ccbeb' requested 'registration_request'
2023-12-22 05:28:45.236 [IPController] registration::accepting registration 106:a40a3ead-bca488ce6c05b3930b2ccbeb
2023-12-22 05:28:45.237 [IPController] client::client b'dd4c1c79-0d92bbcc7154c8c84a6b6e1b' requested 'registration_request'
2023-12-22 05:28:45.237 [IPController] registration::accepting registration 107:dd4c1c79-0d92bbcc7154c8c84a6b6e1b
2023-12-22 05:28:45.238 [IPController] client::client b'0c5ad4a9-02cb323b446458e6536041ee' requested 'registration_request'
2023-12-22 05:28:45.238 [IPController] registration::accepting registration 108:0c5ad4a9-02cb323b446458e6536041ee
2023-12-22 05:28:45.239 [IPController] client::client b'dca0d341-0ac5daa00c5f84f4bfc8a681' requested 'registration_request'
2023-12-22 05:28:45.239 [IPController] registration::accepting registration 109:dca0d341-0ac5daa00c5f84f4bfc8a681
2023-12-22 05:28:45.241 [IPController] client::client b'9ba6f079-2340e3159f56683a8b3ad0c9' requested 'registration_request'
2023-12-22 05:28:45.242 [IPController] registration::accepting registration 110:9ba6f079-2340e3159f56683a8b3ad0c9
2023-12-22 05:28:45.242 [IPController] client::client b'82280196-e6d14703db2ae707933c80b9' requested 'registration_request'
2023-12-22 05:28:45.243 [IPController] registration::accepting registration 111:82280196-e6d14703db2ae707933c80b9
2023-12-22 05:28:45.243 [IPController] client::client b'3b27710a-15fa438866a4d761424a5e35' requested 'registration_request'
2023-12-22 05:28:45.244 [IPController] registration::accepting registration 112:3b27710a-15fa438866a4d761424a5e35
2023-12-22 05:28:45.244 [IPController] client::client b'a1374d73-8f1f483f38fdd0d7b3b51989' requested 'registration_request'
2023-12-22 05:28:45.244 [IPController] registration::accepting registration 113:a1374d73-8f1f483f38fdd0d7b3b51989
2023-12-22 05:28:45.245 [IPController] client::client b'a7141014-8acfb79bb78572861dfa811c' requested 'registration_request'
2023-12-22 05:28:45.245 [IPController] registration::accepting registration 114:a7141014-8acfb79bb78572861dfa811c
2023-12-22 05:28:45.246 [IPController] client::client b'aa519585-960923c2cbb04ffce2053c4a' requested 'registration_request'
2023-12-22 05:28:45.246 [IPController] registration::accepting registration 115:aa519585-960923c2cbb04ffce2053c4a
2023-12-22 05:28:45.251 [IPController] client::client b'f0730296-1b05053e85c5d7ad85606aa2' requested 'registration_request'
2023-12-22 05:28:45.251 [IPController] registration::accepting registration 116:f0730296-1b05053e85c5d7ad85606aa2
2023-12-22 05:28:45.252 [IPController] client::client b'072c98a4-aeee964a807270de03dafd46' requested 'registration_request'
2023-12-22 05:28:45.252 [IPController] registration::accepting registration 117:072c98a4-aeee964a807270de03dafd46
2023-12-22 05:28:45.252 [IPController] client::client b'bfeaef83-423599b0561e1773859183d5' requested 'registration_request'
2023-12-22 05:28:45.253 [IPController] registration::accepting registration 118:bfeaef83-423599b0561e1773859183d5
2023-12-22 05:28:45.253 [IPController] client::client b'e77d7877-2a606aa608be1833292cc68c' requested 'registration_request'
2023-12-22 05:28:45.254 [IPController] registration::accepting registration 119:e77d7877-2a606aa608be1833292cc68c
2023-12-22 05:28:45.254 [IPController] client::client b'02d751ac-89425128d1499da2527b395d' requested 'registration_request'
2023-12-22 05:28:45.254 [IPController] registration::accepting registration 120:02d751ac-89425128d1499da2527b395d
2023-12-22 05:28:45.256 [IPController] client::client b'2f3923c4-6dc251cbe8c2d7edecaab519' requested 'registration_request'
2023-12-22 05:28:45.256 [IPController] registration::accepting registration 121:2f3923c4-6dc251cbe8c2d7edecaab519
2023-12-22 05:28:45.257 [IPController] client::client b'3ffdd634-b20a5feb083386d09cd9ef34' requested 'registration_request'
2023-12-22 05:28:45.257 [IPController] registration::accepting registration 122:3ffdd634-b20a5feb083386d09cd9ef34
2023-12-22 05:28:45.260 [IPController] client::client b'977f4b5d-d4f27291c80402c2661c0f8c' requested 'registration_request'
2023-12-22 05:28:45.260 [IPController] registration::accepting registration 123:977f4b5d-d4f27291c80402c2661c0f8c
2023-12-22 05:28:45.267 [IPController] client::client b'32d49e59-6e77780396273a197c8fca0b' requested 'registration_request'
2023-12-22 05:28:45.268 [IPController] registration::accepting registration 124:32d49e59-6e77780396273a197c8fca0b
2023-12-22 05:28:45.271 [IPController] client::client b'7b6048cc-06969477e9dee0e863ccb043' requested 'registration_request'
2023-12-22 05:28:45.272 [IPController] registration::accepting registration 125:7b6048cc-06969477e9dee0e863ccb043
2023-12-22 05:28:45.273 [IPController] client::client b'70d245e5-fb69705143b113d0c7ac245e' requested 'registration_request'
2023-12-22 05:28:45.274 [IPController] registration::accepting registration 126:70d245e5-fb69705143b113d0c7ac245e
2023-12-22 05:28:45.274 [IPController] client::client b'7965667f-e54452c293748a4b6e5f2819' requested 'registration_request'
2023-12-22 05:28:45.275 [IPController] registration::accepting registration 127:7965667f-e54452c293748a4b6e5f2819
2023-12-22 05:28:45.276 [IPController] client::client b'4ca340bd-55f5e6731ac3e33504bc8501' requested 'registration_request'
2023-12-22 05:28:45.277 [IPController] registration::accepting registration 128:4ca340bd-55f5e6731ac3e33504bc8501
2023-12-22 05:28:45.277 [IPController] client::client b'38ad41cc-2d520c5f51352285dd9c9bdf' requested 'registration_request'
2023-12-22 05:28:45.278 [IPController] registration::accepting registration 129:38ad41cc-2d520c5f51352285dd9c9bdf
2023-12-22 05:28:45.279 [IPController] client::client b'8e3e50ce-309da456fe8d0511a0bba5cf' requested 'registration_request'
2023-12-22 05:28:45.280 [IPController] registration::accepting registration 130:8e3e50ce-309da456fe8d0511a0bba5cf
2023-12-22 05:28:45.287 [IPController] client::client b'17f506f9-42ec2315019df5bed569bea8' requested 'registration_request'
2023-12-22 05:28:45.288 [IPController] registration::accepting registration 131:17f506f9-42ec2315019df5bed569bea8
2023-12-22 05:28:45.288 [IPController] client::client b'efac0544-fc0fc113a63e5cb2590d00ef' requested 'registration_request'
2023-12-22 05:28:45.289 [IPController] registration::accepting registration 132:efac0544-fc0fc113a63e5cb2590d00ef
2023-12-22 05:28:45.290 [IPController] client::client b'1408258f-0d1df5ab298fda674246d217' requested 'registration_request'
2023-12-22 05:28:45.291 [IPController] registration::accepting registration 133:1408258f-0d1df5ab298fda674246d217
2023-12-22 05:28:45.291 [IPController] client::client b'f933a792-f0b65cb6f4f059f418346c2f' requested 'registration_request'
2023-12-22 05:28:45.292 [IPController] registration::accepting registration 134:f933a792-f0b65cb6f4f059f418346c2f
2023-12-22 05:28:45.293 [IPController] client::client b'01cf89dc-f9d5e2000e9dd2527df45456' requested 'registration_request'
2023-12-22 05:28:45.293 [IPController] registration::accepting registration 135:01cf89dc-f9d5e2000e9dd2527df45456
2023-12-22 05:28:45.294 [IPController] client::client b'90a35da5-cfe7a2812de1cdef962acd62' requested 'registration_request'
2023-12-22 05:28:45.294 [IPController] registration::accepting registration 136:90a35da5-cfe7a2812de1cdef962acd62
2023-12-22 05:28:45.295 [IPController] client::client b'33e17d4a-5d68471389ad18ffc1074065' requested 'registration_request'
2023-12-22 05:28:45.295 [IPController] registration::accepting registration 137:33e17d4a-5d68471389ad18ffc1074065
2023-12-22 05:28:45.296 [IPController] client::client b'788ad2b2-3cea8cf3fc8e86ee57077596' requested 'registration_request'
2023-12-22 05:28:45.296 [IPController] registration::accepting registration 138:788ad2b2-3cea8cf3fc8e86ee57077596
2023-12-22 05:28:45.297 [IPController] client::client b'eb5fdcd0-e55c4df3af6aa608a2575b5c' requested 'registration_request'
2023-12-22 05:28:45.298 [IPController] registration::accepting registration 139:eb5fdcd0-e55c4df3af6aa608a2575b5c
2023-12-22 05:28:45.303 [IPController] client::client b'2e5cf039-ac3dac79eb38e92251b26991' requested 'registration_request'
2023-12-22 05:28:45.303 [IPController] registration::accepting registration 140:2e5cf039-ac3dac79eb38e92251b26991
2023-12-22 05:28:45.304 [IPController] client::client b'e6a787ac-3abd0f6f21f6bb779e813cd2' requested 'registration_request'
2023-12-22 05:28:45.304 [IPController] registration::accepting registration 141:e6a787ac-3abd0f6f21f6bb779e813cd2
2023-12-22 05:28:45.305 [IPController] client::client b'3d89709d-99b6ffb7caef1338a67a5af1' requested 'registration_request'
2023-12-22 05:28:45.305 [IPController] registration::accepting registration 142:3d89709d-99b6ffb7caef1338a67a5af1
2023-12-22 05:28:45.317 [IPController] client::client b'dfbde73f-521ea6cf4606564371f5712a' requested 'registration_request'
2023-12-22 05:28:45.318 [IPController] registration::accepting registration 143:dfbde73f-521ea6cf4606564371f5712a
2023-12-22 05:28:45.320 [IPController] client::client b'f764e423-d33fbd2523fe1b5b4f59bbc8' requested 'registration_request'
2023-12-22 05:28:45.321 [IPController] registration::accepting registration 144:f764e423-d33fbd2523fe1b5b4f59bbc8
2023-12-22 05:28:45.322 [IPController] client::client b'7c4f86fe-b757503e505d10a6cfc09ae3' requested 'registration_request'
2023-12-22 05:28:45.324 [IPController] registration::accepting registration 145:7c4f86fe-b757503e505d10a6cfc09ae3
2023-12-22 05:28:45.324 [IPController] client::client b'14ca132f-2517a0819be28029744a592d' requested 'registration_request'
2023-12-22 05:28:45.325 [IPController] registration::accepting registration 146:14ca132f-2517a0819be28029744a592d
2023-12-22 05:28:45.326 [IPController] client::client b'73859949-f2ada0ea280618580d8fea11' requested 'registration_request'
2023-12-22 05:28:45.327 [IPController] registration::accepting registration 147:73859949-f2ada0ea280618580d8fea11
2023-12-22 05:28:45.328 [IPController] client::client b'd31e1b44-af2ee336d6378624f5cae293' requested 'registration_request'
2023-12-22 05:28:45.329 [IPController] registration::accepting registration 148:d31e1b44-af2ee336d6378624f5cae293
2023-12-22 05:28:45.329 [IPController] client::client b'63b877c5-ff5efa1694244d54b3eeca6f' requested 'registration_request'
2023-12-22 05:28:45.330 [IPController] registration::accepting registration 149:63b877c5-ff5efa1694244d54b3eeca6f
2023-12-22 05:28:45.332 [IPController] client::client b'0aef08f9-d860f86ef8b23c3b755c9d4d' requested 'registration_request'
2023-12-22 05:28:45.333 [IPController] registration::accepting registration 150:0aef08f9-d860f86ef8b23c3b755c9d4d
2023-12-22 05:28:45.334 [IPController] client::client b'a7a5153a-8b9ac1bd7efec6450b659b4e' requested 'registration_request'
2023-12-22 05:28:45.334 [IPController] registration::accepting registration 151:a7a5153a-8b9ac1bd7efec6450b659b4e
2023-12-22 05:28:45.335 [IPController] client::client b'ac1277c1-06469a019d0433b4666b2add' requested 'registration_request'
2023-12-22 05:28:45.335 [IPController] registration::accepting registration 152:ac1277c1-06469a019d0433b4666b2add
2023-12-22 05:28:45.335 [IPController] client::client b'94af16c3-eb1c0023dbdf7a93f661a377' requested 'registration_request'
2023-12-22 05:28:45.336 [IPController] registration::accepting registration 153:94af16c3-eb1c0023dbdf7a93f661a377
2023-12-22 05:28:45.336 [IPController] client::client b'e424deef-f03554aa3c8533d2f2f0ebfb' requested 'registration_request'
2023-12-22 05:28:45.336 [IPController] registration::accepting registration 154:e424deef-f03554aa3c8533d2f2f0ebfb
2023-12-22 05:28:45.341 [IPController] client::client b'f5517afb-5882c740c58c8e8bc0c852ef' requested 'registration_request'
2023-12-22 05:28:45.342 [IPController] registration::accepting registration 155:f5517afb-5882c740c58c8e8bc0c852ef
2023-12-22 05:28:45.344 [IPController] client::client b'9b9204a3-34cfb2198a3a6c8739a8fbb0' requested 'registration_request'
2023-12-22 05:28:45.346 [IPController] registration::accepting registration 156:9b9204a3-34cfb2198a3a6c8739a8fbb0
2023-12-22 05:28:45.346 [IPController] client::client b'ce3331ba-dc33f0a24dc893fa9a8cddf7' requested 'registration_request'
2023-12-22 05:28:45.347 [IPController] registration::accepting registration 157:ce3331ba-dc33f0a24dc893fa9a8cddf7
2023-12-22 05:28:45.347 [IPController] client::client b'96c9b8a8-7e3e6fad9ba9a0847fe50027' requested 'registration_request'
2023-12-22 05:28:45.347 [IPController] registration::accepting registration 158:96c9b8a8-7e3e6fad9ba9a0847fe50027
2023-12-22 05:28:45.348 [IPController] client::client b'cdd33791-6707ea23291e2c33aa6c47c7' requested 'registration_request'
2023-12-22 05:28:45.348 [IPController] registration::accepting registration 159:cdd33791-6707ea23291e2c33aa6c47c7
2023-12-22 05:28:45.349 [IPController] client::client b'2f26b6a4-719a6e9aed5fa14b3b45b58a' requested 'registration_request'
2023-12-22 05:28:45.349 [IPController] registration::accepting registration 160:2f26b6a4-719a6e9aed5fa14b3b45b58a
2023-12-22 05:28:45.351 [IPController] client::client b'e1d791c9-2767d08e937de2fdb1aee19f' requested 'registration_request'
2023-12-22 05:28:45.351 [IPController] registration::accepting registration 161:e1d791c9-2767d08e937de2fdb1aee19f
2023-12-22 05:28:45.355 [IPController] client::client b'58a66b14-20d4a0a50a3eb2b43fec9532' requested 'registration_request'
2023-12-22 05:28:45.355 [IPController] registration::accepting registration 162:58a66b14-20d4a0a50a3eb2b43fec9532
2023-12-22 05:28:45.355 [IPController] client::client b'ffb96283-3ab4248c504965e25789dc90' requested 'registration_request'
2023-12-22 05:28:45.356 [IPController] registration::accepting registration 163:ffb96283-3ab4248c504965e25789dc90
2023-12-22 05:28:45.356 [IPController] client::client b'5f861f1a-2fc99c0e9f6cb47c4f9a94b5' requested 'registration_request'
2023-12-22 05:28:45.357 [IPController] registration::accepting registration 164:5f861f1a-2fc99c0e9f6cb47c4f9a94b5
2023-12-22 05:28:45.360 [IPController] client::client b'fd837a41-290ecccabc7c43eec47777d0' requested 'registration_request'
2023-12-22 05:28:45.361 [IPController] registration::accepting registration 165:fd837a41-290ecccabc7c43eec47777d0
2023-12-22 05:28:45.361 [IPController] client::client b'f794b093-4376f7bc724d261c594bf01b' requested 'registration_request'
2023-12-22 05:28:45.361 [IPController] registration::accepting registration 166:f794b093-4376f7bc724d261c594bf01b
2023-12-22 05:28:45.362 [IPController] client::client b'de400e57-5c7836ad89bd4c3f9be9bba9' requested 'registration_request'
2023-12-22 05:28:45.362 [IPController] registration::accepting registration 167:de400e57-5c7836ad89bd4c3f9be9bba9
2023-12-22 05:28:45.363 [IPController] client::client b'3fcb0e5b-f168db2a25a437fa238dc8e4' requested 'registration_request'
2023-12-22 05:28:45.363 [IPController] registration::accepting registration 168:3fcb0e5b-f168db2a25a437fa238dc8e4
2023-12-22 05:28:45.367 [IPController] client::client b'037fdcb8-6e363ba1a8f02b79bf9a310d' requested 'registration_request'
2023-12-22 05:28:45.368 [IPController] registration::accepting registration 169:037fdcb8-6e363ba1a8f02b79bf9a310d
2023-12-22 05:28:45.378 [IPController] client::client b'67dc7ac1-96a2e0eec52d165714b8e36b' requested 'registration_request'
2023-12-22 05:28:45.380 [IPController] registration::accepting registration 170:67dc7ac1-96a2e0eec52d165714b8e36b
2023-12-22 05:28:45.382 [IPController] client::client b'22739ad0-8250e471c2b87a34862d7d38' requested 'registration_request'
2023-12-22 05:28:45.384 [IPController] registration::accepting registration 171:22739ad0-8250e471c2b87a34862d7d38
2023-12-22 05:28:45.389 [IPController] client::client b'b425ba45-097b37285b87773b9afd9be6' requested 'registration_request'
2023-12-22 05:28:45.390 [IPController] registration::accepting registration 172:b425ba45-097b37285b87773b9afd9be6
2023-12-22 05:28:45.391 [IPController] client::client b'007db1bb-bb6e10ab8ebf85c4c970522a' requested 'registration_request'
2023-12-22 05:28:45.392 [IPController] registration::accepting registration 173:007db1bb-bb6e10ab8ebf85c4c970522a
2023-12-22 05:28:45.393 [IPController] client::client b'c0071960-045109fcaec8157e9e2f2148' requested 'registration_request'
2023-12-22 05:28:45.394 [IPController] registration::accepting registration 174:c0071960-045109fcaec8157e9e2f2148
2023-12-22 05:28:45.395 [IPController] client::client b'62a5a24c-8808e1ef3d3e283419e8770b' requested 'registration_request'
2023-12-22 05:28:45.396 [IPController] registration::accepting registration 175:62a5a24c-8808e1ef3d3e283419e8770b
2023-12-22 05:28:45.396 [IPController] client::client b'cba96635-6e9bd27e9cd0b302bbea801d' requested 'registration_request'
2023-12-22 05:28:45.397 [IPController] registration::accepting registration 176:cba96635-6e9bd27e9cd0b302bbea801d
2023-12-22 05:28:45.398 [IPController] client::client b'730c9014-887b1c5a75840a528963fcdb' requested 'registration_request'
2023-12-22 05:28:45.398 [IPController] registration::accepting registration 177:730c9014-887b1c5a75840a528963fcdb
2023-12-22 05:28:45.406 [IPController] client::client b'2cdd104c-6d446ec3623b1453d6438657' requested 'registration_request'
2023-12-22 05:28:45.407 [IPController] registration::accepting registration 178:2cdd104c-6d446ec3623b1453d6438657
2023-12-22 05:28:45.407 [IPController] client::client b'58c4f755-b7256de60dd3e7d3cbdb88a5' requested 'registration_request'
2023-12-22 05:28:45.408 [IPController] registration::accepting registration 179:58c4f755-b7256de60dd3e7d3cbdb88a5
2023-12-22 05:28:45.412 [IPController] client::client b'c68beddc-c21b4cfd7c2d3ff81acebee2' requested 'registration_request'
2023-12-22 05:28:45.413 [IPController] registration::accepting registration 180:c68beddc-c21b4cfd7c2d3ff81acebee2
2023-12-22 05:28:45.418 [IPController] client::client b'894ecb68-76d41ec1c89d4dc32c43a0a7' requested 'registration_request'
2023-12-22 05:28:45.420 [IPController] registration::accepting registration 181:894ecb68-76d41ec1c89d4dc32c43a0a7
2023-12-22 05:28:45.422 [IPController] client::client b'e4274ad6-099c3ffcd0374bbb08eed034' requested 'registration_request'
2023-12-22 05:28:45.424 [IPController] registration::accepting registration 182:e4274ad6-099c3ffcd0374bbb08eed034
2023-12-22 05:28:45.427 [IPController] client::client b'93c0a58e-d70ce26edf0adbb7627b9c51' requested 'registration_request'
2023-12-22 05:28:45.428 [IPController] registration::accepting registration 183:93c0a58e-d70ce26edf0adbb7627b9c51
2023-12-22 05:28:45.430 [IPController] client::client b'db980942-63a2e3aa2aee151a84f2bc38' requested 'registration_request'
2023-12-22 05:28:45.431 [IPController] registration::accepting registration 184:db980942-63a2e3aa2aee151a84f2bc38
2023-12-22 05:28:45.432 [IPController] client::client b'4130b366-302457b460edb0094813b5f5' requested 'registration_request'
2023-12-22 05:28:45.433 [IPController] registration::accepting registration 185:4130b366-302457b460edb0094813b5f5
2023-12-22 05:28:45.435 [IPController] client::client b'241c6f6f-cbe10cc1d2e979669205c3dd' requested 'registration_request'
2023-12-22 05:28:45.436 [IPController] registration::accepting registration 186:241c6f6f-cbe10cc1d2e979669205c3dd
2023-12-22 05:28:45.437 [IPController] client::client b'848c7eed-45872c69e271f63abc2550e1' requested 'registration_request'
2023-12-22 05:28:45.438 [IPController] registration::accepting registration 187:848c7eed-45872c69e271f63abc2550e1
2023-12-22 05:28:45.440 [IPController] client::client b'55c89fbd-28c1141776345eb351b9b5df' requested 'registration_request'
2023-12-22 05:28:45.440 [IPController] registration::accepting registration 188:55c89fbd-28c1141776345eb351b9b5df
2023-12-22 05:28:45.450 [IPController] client::client b'85378f83-60f9cf1589e0cd52af59a058' requested 'registration_request'
2023-12-22 05:28:45.450 [IPController] registration::accepting registration 189:85378f83-60f9cf1589e0cd52af59a058
2023-12-22 05:28:45.452 [IPController] client::client b'da5d290b-c027eb9c2d41d69828e4e0fa' requested 'registration_request'
2023-12-22 05:28:45.452 [IPController] registration::accepting registration 190:da5d290b-c027eb9c2d41d69828e4e0fa
2023-12-22 05:28:45.465 [IPController] client::client b'fd87ca9e-1bd45cba2271437cdd50214e' requested 'registration_request'
2023-12-22 05:28:45.467 [IPController] registration::accepting registration 191:fd87ca9e-1bd45cba2271437cdd50214e
2023-12-22 05:28:45.468 [IPController] client::client b'166b03a2-1db8c4ba78e013f55248954c' requested 'registration_request'
2023-12-22 05:28:45.470 [IPController] registration::accepting registration 192:166b03a2-1db8c4ba78e013f55248954c
2023-12-22 05:28:45.478 [IPController] client::client b'75a59c6d-8d6cd2803a6114c9b11dc75b' requested 'registration_request'
2023-12-22 05:28:45.479 [IPController] registration::accepting registration 193:75a59c6d-8d6cd2803a6114c9b11dc75b
2023-12-22 05:28:45.489 [IPController] client::client b'6d6848e8-f18281d6d44f91950989d990' requested 'registration_request'
2023-12-22 05:28:45.491 [IPController] registration::accepting registration 194:6d6848e8-f18281d6d44f91950989d990
2023-12-22 05:28:45.515 [IPController] client::client b'1f713212-733055b07d559ed2dc9b1441' requested 'registration_request'
2023-12-22 05:28:45.517 [IPController] registration::accepting registration 195:1f713212-733055b07d559ed2dc9b1441
2023-12-22 05:28:45.528 [IPController] client::client b'7aca2b67-cb6b86d5675704ac0cb4399a' requested 'registration_request'
2023-12-22 05:28:45.529 [IPController] registration::accepting registration 196:7aca2b67-cb6b86d5675704ac0cb4399a
2023-12-22 05:28:45.607 [IPController] client::client b'd7eff6e8-3b97437a826b06ee242e497d' requested 'registration_request'
2023-12-22 05:28:45.609 [IPController] registration::accepting registration 197:d7eff6e8-3b97437a826b06ee242e497d
2023-12-22 05:28:45.812 [IPController] client::client b'26755fe1-353cebf0afe223d1b7f8c3cc' requested 'registration_request'
2023-12-22 05:28:45.814 [IPController] registration::accepting registration 198:26755fe1-353cebf0afe223d1b7f8c3cc
2023-12-22 05:28:45.963 [IPController] client::client b'641fd335-89e80adde148282980511fc9' requested 'registration_request'
2023-12-22 05:28:45.965 [IPController] registration::accepting registration 199:641fd335-89e80adde148282980511fc9
2023-12-22 05:29:01.091 [IPController] Notifying hub of 1 new hearts
2023-12-22 05:29:01.099 [IPController] Registering 1 new hearts
2023-12-22 05:29:01.100 [IPController] registration::finished registering engine 5:759c1dc2-937f3d29cfcf61df718d1655 in 16135ms
2023-12-22 05:29:01.101 [IPController] engine::Engine Connected: 5
2023-12-22 05:29:04.091 [IPController] Notifying hub of 19 new hearts
2023-12-22 05:29:04.095 [IPController] Registering 19 new hearts
2023-12-22 05:29:04.095 [IPController] registration::finished registering engine 84:400fc172-f33b37b453d66b7cd014ba5f in 18909ms
2023-12-22 05:29:04.096 [IPController] engine::Engine Connected: 84
2023-12-22 05:29:04.097 [IPController] registration::finished registering engine 35:e6ae53fc-c5c528592523db57dd0dceff in 19035ms
2023-12-22 05:29:04.097 [IPController] engine::Engine Connected: 35
2023-12-22 05:29:04.098 [IPController] registration::finished registering engine 52:87c82ceb-fb3c020c40f06fa7b2169045 in 18988ms
2023-12-22 05:29:04.099 [IPController] engine::Engine Connected: 52
2023-12-22 05:29:04.100 [IPController] registration::finished registering engine 15:76ad1d2a-1a1cafbe2670d11733d88873 in 19095ms
2023-12-22 05:29:04.100 [IPController] engine::Engine Connected: 15
2023-12-22 05:29:04.101 [IPController] registration::finished registering engine 30:9899af8a-215a7d6652403472be8695c8 in 19056ms
2023-12-22 05:29:04.102 [IPController] engine::Engine Connected: 30
2023-12-22 05:29:04.103 [IPController] registration::finished registering engine 0:321a5262-c13833b578daec83056534f8 in 19148ms
2023-12-22 05:29:04.103 [IPController] engine::Engine Connected: 0
2023-12-22 05:29:04.104 [IPController] registration::finished registering engine 22:7665b6c0-51fe08f9e35b60eeadffb919 in 19076ms
2023-12-22 05:29:04.105 [IPController] engine::Engine Connected: 22
2023-12-22 05:29:04.106 [IPController] registration::finished registering engine 66:1dd776a7-f201529c0665b6d8b10eb95d in 18953ms
2023-12-22 05:29:04.106 [IPController] engine::Engine Connected: 66
2023-12-22 05:29:04.107 [IPController] registration::finished registering engine 31:1cdf7693-3b1faf49c97fc5a3ebddc255 in 19061ms
2023-12-22 05:29:04.108 [IPController] engine::Engine Connected: 31
2023-12-22 05:29:04.109 [IPController] registration::finished registering engine 73:29999a77-b2f001dd40e7850042e3e5bf in 18937ms
2023-12-22 05:29:04.109 [IPController] engine::Engine Connected: 73
2023-12-22 05:29:04.110 [IPController] registration::finished registering engine 78:7db1762e-59cfd5c037f5e1e78e318a7e in 18934ms
2023-12-22 05:29:04.111 [IPController] engine::Engine Connected: 78
2023-12-22 05:29:04.112 [IPController] registration::finished registering engine 45:6c8bb9ff-d59b1b0d0e09ebb7afea8ff2 in 19017ms
2023-12-22 05:29:04.112 [IPController] engine::Engine Connected: 45
2023-12-22 05:29:04.113 [IPController] registration::finished registering engine 38:8c99685c-cd66f1e949a0cfdab78ed2ee in 19043ms
2023-12-22 05:29:04.114 [IPController] engine::Engine Connected: 38
2023-12-22 05:29:04.115 [IPController] registration::finished registering engine 39:d47581a5-fa31f46fbfec0530f05e86a8 in 19039ms
2023-12-22 05:29:04.116 [IPController] engine::Engine Connected: 39
2023-12-22 05:29:04.116 [IPController] registration::finished registering engine 19:e3b4bfbc-c1cf57f3b867775bd1196371 in 19099ms
2023-12-22 05:29:04.117 [IPController] engine::Engine Connected: 19
2023-12-22 05:29:04.118 [IPController] registration::finished registering engine 75:f0f87e9d-ebb749f23ed1e9de2ed251c9 in 18943ms
2023-12-22 05:29:04.118 [IPController] engine::Engine Connected: 75
2023-12-22 05:29:04.119 [IPController] registration::finished registering engine 116:f0730296-1b05053e85c5d7ad85606aa2 in 18867ms
2023-12-22 05:29:04.119 [IPController] engine::Engine Connected: 116
2023-12-22 05:29:04.120 [IPController] registration::finished registering engine 4:a45d8bd2-055f30dcdfa74e5f0c352dd9 in 19157ms
2023-12-22 05:29:04.120 [IPController] engine::Engine Connected: 4
2023-12-22 05:29:04.121 [IPController] registration::finished registering engine 123:977f4b5d-d4f27291c80402c2661c0f8c in 18860ms
2023-12-22 05:29:04.122 [IPController] engine::Engine Connected: 123
2023-12-22 05:29:07.093 [IPController] Notifying hub of 86 new hearts
2023-12-22 05:29:07.098 [IPController] Registering 86 new hearts
2023-12-22 05:29:07.098 [IPController] registration::finished registering engine 33:ad2d27fc-669bb6e00d39658f781f42b9 in 22050ms
2023-12-22 05:29:07.099 [IPController] engine::Engine Connected: 33
2023-12-22 05:29:07.100 [IPController] registration::finished registering engine 29:92773727-fdf05ee7b8d06f3a3730d8d9 in 22056ms
2023-12-22 05:29:07.101 [IPController] engine::Engine Connected: 29
2023-12-22 05:29:07.102 [IPController] registration::finished registering engine 27:21ea6389-2dc2b2c15498abb2bd4f54ae in 22060ms
2023-12-22 05:29:07.103 [IPController] engine::Engine Connected: 27
2023-12-22 05:29:07.104 [IPController] registration::finished registering engine 87:3574b7c5-9914e0bd74cfd46fa4e964c7 in 21912ms
2023-12-22 05:29:07.105 [IPController] engine::Engine Connected: 87
2023-12-22 05:29:07.106 [IPController] registration::finished registering engine 93:b6e1ff6b-5b776a3b152d5e89d119f170 in 21902ms
2023-12-22 05:29:07.106 [IPController] engine::Engine Connected: 93
2023-12-22 05:29:07.107 [IPController] registration::finished registering engine 151:a7a5153a-8b9ac1bd7efec6450b659b4e in 21772ms
2023-12-22 05:29:07.108 [IPController] engine::Engine Connected: 151
2023-12-22 05:29:07.109 [IPController] registration::finished registering engine 62:812728fe-7962d31278560d83f4f5cafb in 21964ms
2023-12-22 05:29:07.109 [IPController] engine::Engine Connected: 62
2023-12-22 05:29:07.110 [IPController] registration::finished registering engine 138:788ad2b2-3cea8cf3fc8e86ee57077596 in 21813ms
2023-12-22 05:29:07.111 [IPController] engine::Engine Connected: 138
2023-12-22 05:29:07.112 [IPController] registration::finished registering engine 10:88078255-d630c9d7e651f6a93abb6e7d in 22137ms
2023-12-22 05:29:07.112 [IPController] engine::Engine Connected: 10
2023-12-22 05:29:07.113 [IPController] registration::finished registering engine 51:08fa1047-092f737d67115b1cad6296a8 in 22005ms
2023-12-22 05:29:07.114 [IPController] engine::Engine Connected: 51
2023-12-22 05:29:07.115 [IPController] registration::finished registering engine 149:63b877c5-ff5efa1694244d54b3eeca6f in 21784ms
2023-12-22 05:29:07.115 [IPController] engine::Engine Connected: 149
2023-12-22 05:29:07.116 [IPController] registration::finished registering engine 165:fd837a41-290ecccabc7c43eec47777d0 in 21754ms
2023-12-22 05:29:07.116 [IPController] engine::Engine Connected: 165
2023-12-22 05:29:07.116 [IPController] registration::finished registering engine 115:aa519585-960923c2cbb04ffce2053c4a in 21869ms
2023-12-22 05:29:07.117 [IPController] engine::Engine Connected: 115
2023-12-22 05:29:07.117 [IPController] registration::finished registering engine 6:258f265d-229e694d3aabc6a8ca1a13ed in 22152ms
2023-12-22 05:29:07.118 [IPController] engine::Engine Connected: 6
2023-12-22 05:29:07.118 [IPController] registration::finished registering engine 32:0f6fa186-49e91508e5dd394c39cdc3f0 in 22071ms
2023-12-22 05:29:07.118 [IPController] engine::Engine Connected: 32
2023-12-22 05:29:07.119 [IPController] registration::finished registering engine 167:de400e57-5c7836ad89bd4c3f9be9bba9 in 21756ms
2023-12-22 05:29:07.120 [IPController] engine::Engine Connected: 167
2023-12-22 05:29:07.120 [IPController] registration::finished registering engine 197:d7eff6e8-3b97437a826b06ee242e497d in 21511ms
2023-12-22 05:29:07.121 [IPController] engine::Engine Connected: 197
2023-12-22 05:29:07.122 [IPController] registration::finished registering engine 106:a40a3ead-bca488ce6c05b3930b2ccbeb in 21885ms
2023-12-22 05:29:07.122 [IPController] engine::Engine Connected: 106
2023-12-22 05:29:07.123 [IPController] registration::finished registering engine 24:f41f5961-cd0429493811edae763297d7 in 22091ms
2023-12-22 05:29:07.123 [IPController] engine::Engine Connected: 24
2023-12-22 05:29:07.124 [IPController] registration::finished registering engine 7:c0bf4146-7438c1aa6eda57fb146130b5 in 22158ms
2023-12-22 05:29:07.125 [IPController] engine::Engine Connected: 7
2023-12-22 05:29:07.126 [IPController] registration::finished registering engine 154:e424deef-f03554aa3c8533d2f2f0ebfb in 21789ms
2023-12-22 05:29:07.126 [IPController] engine::Engine Connected: 154
2023-12-22 05:29:07.128 [IPController] registration::finished registering engine 67:42008ed6-30a785be45e97369d5d21ba1 in 21975ms
2023-12-22 05:29:07.128 [IPController] engine::Engine Connected: 67
2023-12-22 05:29:07.129 [IPController] registration::finished registering engine 3:ce21d80f-a2acdfa70337da83e49a17da in 22169ms
2023-12-22 05:29:07.129 [IPController] engine::Engine Connected: 3
2023-12-22 05:29:07.131 [IPController] registration::finished registering engine 169:037fdcb8-6e363ba1a8f02b79bf9a310d in 21762ms
2023-12-22 05:29:07.131 [IPController] engine::Engine Connected: 169
2023-12-22 05:29:07.132 [IPController] registration::finished registering engine 48:2ef8221a-f5ead6c203fb219cd7e22920 in 22030ms
2023-12-22 05:29:07.132 [IPController] engine::Engine Connected: 48
2023-12-22 05:29:07.134 [IPController] registration::finished registering engine 139:eb5fdcd0-e55c4df3af6aa608a2575b5c in 21835ms
2023-12-22 05:29:07.134 [IPController] engine::Engine Connected: 139
2023-12-22 05:29:07.135 [IPController] registration::finished registering engine 68:4393b19e-629981aa9b8d00fcc44306e5 in 21982ms
2023-12-22 05:29:07.135 [IPController] engine::Engine Connected: 68
2023-12-22 05:29:07.136 [IPController] registration::finished registering engine 44:ab89d364-256e0afb2c335f6043416db4 in 22047ms
2023-12-22 05:29:07.136 [IPController] engine::Engine Connected: 44
2023-12-22 05:29:07.137 [IPController] registration::finished registering engine 185:4130b366-302457b460edb0094813b5f5 in 21703ms
2023-12-22 05:29:07.137 [IPController] engine::Engine Connected: 185
2023-12-22 05:29:07.137 [IPController] registration::finished registering engine 43:54a4de92-d3d5f706d6b476bce5174929 in 22053ms
2023-12-22 05:29:07.138 [IPController] engine::Engine Connected: 43
2023-12-22 05:29:07.138 [IPController] registration::finished registering engine 2:4329fa26-0775bc5de98ef5eaab69a4d6 in 22179ms
2023-12-22 05:29:07.138 [IPController] engine::Engine Connected: 2
2023-12-22 05:29:07.139 [IPController] registration::finished registering engine 160:2f26b6a4-719a6e9aed5fa14b3b45b58a in 21789ms
2023-12-22 05:29:07.139 [IPController] engine::Engine Connected: 160
2023-12-22 05:29:07.140 [IPController] registration::finished registering engine 8:25d656a4-6e76ba0783f4016e0a9783fc in 22170ms
2023-12-22 05:29:07.140 [IPController] engine::Engine Connected: 8
2023-12-22 05:29:07.141 [IPController] registration::finished registering engine 9:760efbe7-f57cd4c93e5276bf26172e9f in 22170ms
2023-12-22 05:29:07.141 [IPController] engine::Engine Connected: 9
2023-12-22 05:29:07.141 [IPController] registration::finished registering engine 109:dca0d341-0ac5daa00c5f84f4bfc8a681 in 21901ms
2023-12-22 05:29:07.142 [IPController] engine::Engine Connected: 109
2023-12-22 05:29:07.143 [IPController] registration::finished registering engine 168:3fcb0e5b-f168db2a25a437fa238dc8e4 in 21779ms
2023-12-22 05:29:07.143 [IPController] engine::Engine Connected: 168
2023-12-22 05:29:07.144 [IPController] registration::finished registering engine 135:01cf89dc-f9d5e2000e9dd2527df45456 in 21850ms
2023-12-22 05:29:07.144 [IPController] engine::Engine Connected: 135
2023-12-22 05:29:07.144 [IPController] registration::finished registering engine 26:f5782641-405e126e5660c67a88804db3 in 22107ms
2023-12-22 05:29:07.145 [IPController] engine::Engine Connected: 26
2023-12-22 05:29:07.145 [IPController] registration::finished registering engine 74:e3ee3502-e6abf1b7b025064e26ae84e0 in 21972ms
2023-12-22 05:29:07.146 [IPController] engine::Engine Connected: 74
2023-12-22 05:29:07.147 [IPController] registration::finished registering engine 16:20ec480d-0b2f161705c6b5a3c197a90b in 22139ms
2023-12-22 05:29:07.147 [IPController] engine::Engine Connected: 16
2023-12-22 05:29:07.148 [IPController] registration::finished registering engine 81:3755fa64-017cfb0b4b54f86617245cc6 in 21967ms
2023-12-22 05:29:07.148 [IPController] engine::Engine Connected: 81
2023-12-22 05:29:07.149 [IPController] registration::finished registering engine 63:a63f8fe4-4828f70d0236e913fbc1ac59 in 22002ms
2023-12-22 05:29:07.150 [IPController] engine::Engine Connected: 63
2023-12-22 05:29:07.150 [IPController] registration::finished registering engine 90:674d57dd-0d810e28ec03d12a0b260957 in 21952ms
2023-12-22 05:29:07.150 [IPController] engine::Engine Connected: 90
2023-12-22 05:29:07.151 [IPController] registration::finished registering engine 23:5ffc0098-77ae91eafd7e608da9f74fb3 in 22121ms
2023-12-22 05:29:07.151 [IPController] engine::Engine Connected: 23
2023-12-22 05:29:07.151 [IPController] registration::finished registering engine 104:fb56880f-ce1e39961ad4c09976ff94a4 in 21917ms
2023-12-22 05:29:07.152 [IPController] engine::Engine Connected: 104
2023-12-22 05:29:07.152 [IPController] registration::finished registering engine 54:f1493ecb-73c6e978907198f5c5c246c0 in 22038ms
2023-12-22 05:29:07.152 [IPController] engine::Engine Connected: 54
2023-12-22 05:29:07.153 [IPController] registration::finished registering engine 125:7b6048cc-06969477e9dee0e863ccb043 in 21880ms
2023-12-22 05:29:07.153 [IPController] engine::Engine Connected: 125
2023-12-22 05:29:07.153 [IPController] registration::finished registering engine 40:75776dec-95e90603d720a3cb237072a2 in 22074ms
2023-12-22 05:29:07.154 [IPController] engine::Engine Connected: 40
2023-12-22 05:29:07.155 [IPController] registration::finished registering engine 142:3d89709d-99b6ffb7caef1338a67a5af1 in 21849ms
2023-12-22 05:29:07.155 [IPController] engine::Engine Connected: 142
2023-12-22 05:29:07.156 [IPController] registration::finished registering engine 82:9c15bdfb-02e8addba30b1c8e3ff5eaef in 21971ms
2023-12-22 05:29:07.157 [IPController] engine::Engine Connected: 82
2023-12-22 05:29:07.158 [IPController] registration::finished registering engine 184:db980942-63a2e3aa2aee151a84f2bc38 in 21726ms
2023-12-22 05:29:07.158 [IPController] engine::Engine Connected: 184
2023-12-22 05:29:07.160 [IPController] registration::finished registering engine 20:366de395-cfea93707e6dcf7983ce93e7 in 22136ms
2023-12-22 05:29:07.160 [IPController] engine::Engine Connected: 20
2023-12-22 05:29:07.161 [IPController] registration::finished registering engine 147:73859949-f2ada0ea280618580d8fea11 in 21833ms
2023-12-22 05:29:07.161 [IPController] engine::Engine Connected: 147
2023-12-22 05:29:07.163 [IPController] registration::finished registering engine 132:efac0544-fc0fc113a63e5cb2590d00ef in 21873ms
2023-12-22 05:29:07.163 [IPController] engine::Engine Connected: 132
2023-12-22 05:29:07.164 [IPController] registration::finished registering engine 25:cf3e8dc9-902547c530580b3a11417f91 in 22129ms
2023-12-22 05:29:07.165 [IPController] engine::Engine Connected: 25
2023-12-22 05:29:07.166 [IPController] registration::finished registering engine 80:bea23a61-f63a1eeef04c6d539122f6ba in 21985ms
2023-12-22 05:29:07.166 [IPController] engine::Engine Connected: 80
2023-12-22 05:29:07.167 [IPController] registration::finished registering engine 126:70d245e5-fb69705143b113d0c7ac245e in 21892ms
2023-12-22 05:29:07.167 [IPController] engine::Engine Connected: 126
2023-12-22 05:29:07.168 [IPController] registration::finished registering engine 13:194f12ad-1b529b64a7e2402e6d90a14d in 22168ms
2023-12-22 05:29:07.168 [IPController] engine::Engine Connected: 13
2023-12-22 05:29:07.170 [IPController] registration::finished registering engine 120:02d751ac-89425128d1499da2527b395d in 21915ms
2023-12-22 05:29:07.170 [IPController] engine::Engine Connected: 120
2023-12-22 05:29:07.171 [IPController] registration::finished registering engine 72:a2555200-c71acd720d32389084309528 in 22002ms
2023-12-22 05:29:07.172 [IPController] engine::Engine Connected: 72
2023-12-22 05:29:07.173 [IPController] registration::finished registering engine 186:241c6f6f-cbe10cc1d2e979669205c3dd in 21736ms
2023-12-22 05:29:07.173 [IPController] engine::Engine Connected: 186
2023-12-22 05:29:07.174 [IPController] registration::finished registering engine 113:a1374d73-8f1f483f38fdd0d7b3b51989 in 21929ms
2023-12-22 05:29:07.174 [IPController] engine::Engine Connected: 113
2023-12-22 05:29:07.175 [IPController] registration::finished registering engine 92:3a0e1d6a-459bdf83a4646689abbd7cfe in 21975ms
2023-12-22 05:29:07.176 [IPController] engine::Engine Connected: 92
2023-12-22 05:29:07.177 [IPController] registration::finished registering engine 53:04efb505-42ed5d8408ef5624902ad677 in 22065ms
2023-12-22 05:29:07.177 [IPController] engine::Engine Connected: 53
2023-12-22 05:29:07.177 [IPController] registration::finished registering engine 11:c4ef179a-137c76c11595b6c8c460ce13 in 22202ms
2023-12-22 05:29:07.178 [IPController] engine::Engine Connected: 11
2023-12-22 05:29:07.180 [IPController] registration::finished registering engine 34:b12faffc-78a17cde8dac72364026b635 in 22128ms
2023-12-22 05:29:07.180 [IPController] engine::Engine Connected: 34
2023-12-22 05:29:07.181 [IPController] registration::finished registering engine 36:233443c5-8bb34f62ed6f8c6a0013e20c in 22117ms
2023-12-22 05:29:07.182 [IPController] engine::Engine Connected: 36
2023-12-22 05:29:07.184 [IPController] registration::finished registering engine 1:1522086c-95c1e261622a765462b3cd51 in 22226ms
2023-12-22 05:29:07.184 [IPController] engine::Engine Connected: 1
2023-12-22 05:29:07.184 [IPController] registration::finished registering engine 83:9265fc70-9bcc92acbaec9e5fb50e4fa6 in 21999ms
2023-12-22 05:29:07.184 [IPController] engine::Engine Connected: 83
2023-12-22 05:29:07.185 [IPController] registration::finished registering engine 97:c928afff-39fcae048a4366cae8026677 in 21972ms
2023-12-22 05:29:07.186 [IPController] engine::Engine Connected: 97
2023-12-22 05:29:07.186 [IPController] registration::finished registering engine 101:de495fe5-a1dfe3d4845ee08fc8ecab05 in 21958ms
2023-12-22 05:29:07.187 [IPController] engine::Engine Connected: 101
2023-12-22 05:29:07.188 [IPController] registration::finished registering engine 96:c01ab54b-3c9494391d83b3b32356410d in 21976ms
2023-12-22 05:29:07.188 [IPController] engine::Engine Connected: 96
2023-12-22 05:29:07.189 [IPController] registration::finished registering engine 119:e77d7877-2a606aa608be1833292cc68c in 21935ms
2023-12-22 05:29:07.189 [IPController] engine::Engine Connected: 119
2023-12-22 05:29:07.190 [IPController] registration::finished registering engine 166:f794b093-4376f7bc724d261c594bf01b in 21827ms
2023-12-22 05:29:07.190 [IPController] engine::Engine Connected: 166
2023-12-22 05:29:07.190 [IPController] registration::finished registering engine 58:2a14ce18-3949d34b8f2d930f768d4af1 in 22050ms
2023-12-22 05:29:07.190 [IPController] engine::Engine Connected: 58
2023-12-22 05:29:07.191 [IPController] registration::finished registering engine 71:1dd35358-b2bc7cd0ab9a31a090ab8a9a in 22025ms
2023-12-22 05:29:07.191 [IPController] engine::Engine Connected: 71
2023-12-22 05:29:07.192 [IPController] registration::finished registering engine 56:7349dd78-651837d1f11e440259d5cab5 in 22061ms
2023-12-22 05:29:07.192 [IPController] engine::Engine Connected: 56
2023-12-22 05:29:07.193 [IPController] registration::finished registering engine 14:857cfc45-25550db237ac9a8bdf501fd3 in 22190ms
2023-12-22 05:29:07.193 [IPController] engine::Engine Connected: 14
2023-12-22 05:29:07.194 [IPController] registration::finished registering engine 60:70d5283f-0815b3609a1aa51824a6e658 in 22051ms
2023-12-22 05:29:07.194 [IPController] engine::Engine Connected: 60
2023-12-22 05:29:07.195 [IPController] registration::finished registering engine 124:32d49e59-6e77780396273a197c8fca0b in 21927ms
2023-12-22 05:29:07.196 [IPController] engine::Engine Connected: 124
2023-12-22 05:29:07.197 [IPController] registration::finished registering engine 105:3dc58e26-db79ac27339771efe430c650 in 21961ms
2023-12-22 05:29:07.197 [IPController] engine::Engine Connected: 105
2023-12-22 05:29:07.198 [IPController] registration::finished registering engine 163:ffb96283-3ab4248c504965e25789dc90 in 21841ms
2023-12-22 05:29:07.198 [IPController] engine::Engine Connected: 163
2023-12-22 05:29:07.198 [IPController] registration::finished registering engine 86:8e5e8d61-8c959ea7af3500331dd5030c in 22008ms
2023-12-22 05:29:07.199 [IPController] engine::Engine Connected: 86
2023-12-22 05:29:07.200 [IPController] registration::finished registering engine 153:94af16c3-eb1c0023dbdf7a93f661a377 in 21864ms
2023-12-22 05:29:07.201 [IPController] engine::Engine Connected: 153
2023-12-22 05:29:07.201 [IPController] registration::finished registering engine 99:606f2045-7c5dd7dfbe4329324441c5dc in 21984ms
2023-12-22 05:29:07.202 [IPController] engine::Engine Connected: 99
2023-12-22 05:29:07.202 [IPController] registration::finished registering engine 77:b021e00d-3ccaaded9cbdfe4e19bb2ff6 in 22026ms
2023-12-22 05:29:07.202 [IPController] engine::Engine Connected: 77
2023-12-22 05:29:10.094 [IPController] Notifying hub of 94 new hearts
2023-12-22 05:29:10.099 [IPController] Registering 94 new hearts
2023-12-22 05:29:10.099 [IPController] registration::finished registering engine 136:90a35da5-cfe7a2812de1cdef962acd62 in 24804ms
2023-12-22 05:29:10.100 [IPController] engine::Engine Connected: 136
2023-12-22 05:29:10.102 [IPController] registration::finished registering engine 177:730c9014-887b1c5a75840a528963fcdb in 24703ms
2023-12-22 05:29:10.103 [IPController] engine::Engine Connected: 177
2023-12-22 05:29:10.105 [IPController] registration::finished registering engine 187:848c7eed-45872c69e271f63abc2550e1 in 24666ms
2023-12-22 05:29:10.105 [IPController] engine::Engine Connected: 187
2023-12-22 05:29:10.107 [IPController] registration::finished registering engine 150:0aef08f9-d860f86ef8b23c3b755c9d4d in 24774ms
2023-12-22 05:29:10.108 [IPController] engine::Engine Connected: 150
2023-12-22 05:29:10.110 [IPController] registration::finished registering engine 199:641fd335-89e80adde148282980511fc9 in 24144ms
2023-12-22 05:29:10.110 [IPController] engine::Engine Connected: 199
2023-12-22 05:29:10.112 [IPController] registration::finished registering engine 12:24666054-adaf16d3e48575ff348aad52 in 25130ms
2023-12-22 05:29:10.112 [IPController] engine::Engine Connected: 12
2023-12-22 05:29:10.113 [IPController] registration::finished registering engine 161:e1d791c9-2767d08e937de2fdb1aee19f in 24762ms
2023-12-22 05:29:10.114 [IPController] engine::Engine Connected: 161
2023-12-22 05:29:10.115 [IPController] registration::finished registering engine 190:da5d290b-c027eb9c2d41d69828e4e0fa in 24662ms
2023-12-22 05:29:10.115 [IPController] engine::Engine Connected: 190
2023-12-22 05:29:10.116 [IPController] registration::finished registering engine 111:82280196-e6d14703db2ae707933c80b9 in 24873ms
2023-12-22 05:29:10.117 [IPController] engine::Engine Connected: 111
2023-12-22 05:29:10.119 [IPController] registration::finished registering engine 98:f92e7a2d-9c703574ba4a3d4db9860691 in 24902ms
2023-12-22 05:29:10.119 [IPController] engine::Engine Connected: 98
2023-12-22 05:29:10.120 [IPController] registration::finished registering engine 64:67f22fb1-784be22c3fb989d36896b112 in 24971ms
2023-12-22 05:29:10.121 [IPController] engine::Engine Connected: 64
2023-12-22 05:29:10.123 [IPController] registration::finished registering engine 164:5f861f1a-2fc99c0e9f6cb47c4f9a94b5 in 24765ms
2023-12-22 05:29:10.123 [IPController] engine::Engine Connected: 164
2023-12-22 05:29:10.125 [IPController] registration::finished registering engine 170:67dc7ac1-96a2e0eec52d165714b8e36b in 24744ms
2023-12-22 05:29:10.125 [IPController] engine::Engine Connected: 170
2023-12-22 05:29:10.126 [IPController] registration::finished registering engine 143:dfbde73f-521ea6cf4606564371f5712a in 24807ms
2023-12-22 05:29:10.127 [IPController] engine::Engine Connected: 143
2023-12-22 05:29:10.128 [IPController] registration::finished registering engine 21:1c1f7cab-5116cedd99535af312bcdd12 in 25103ms
2023-12-22 05:29:10.129 [IPController] engine::Engine Connected: 21
2023-12-22 05:29:10.130 [IPController] registration::finished registering engine 37:2c3c3514-c1470bd3720fb3fb2bccc453 in 25062ms
2023-12-22 05:29:10.131 [IPController] engine::Engine Connected: 37
2023-12-22 05:29:10.132 [IPController] registration::finished registering engine 195:1f713212-733055b07d559ed2dc9b1441 in 24614ms
2023-12-22 05:29:10.132 [IPController] engine::Engine Connected: 195
2023-12-22 05:29:10.133 [IPController] registration::finished registering engine 175:62a5a24c-8808e1ef3d3e283419e8770b in 24737ms
2023-12-22 05:29:10.133 [IPController] engine::Engine Connected: 175
2023-12-22 05:29:10.134 [IPController] registration::finished registering engine 17:81a5b585-197f6d8f5d63df681211773a in 25125ms
2023-12-22 05:29:10.134 [IPController] engine::Engine Connected: 17
2023-12-22 05:29:10.135 [IPController] registration::finished registering engine 130:8e3e50ce-309da456fe8d0511a0bba5cf in 24854ms
2023-12-22 05:29:10.135 [IPController] engine::Engine Connected: 130
2023-12-22 05:29:10.136 [IPController] registration::finished registering engine 179:58c4f755-b7256de60dd3e7d3cbdb88a5 in 24727ms
2023-12-22 05:29:10.136 [IPController] engine::Engine Connected: 179
2023-12-22 05:29:10.137 [IPController] registration::finished registering engine 47:ce4dfb42-515335f31efec7cbcca447f8 in 25039ms
2023-12-22 05:29:10.137 [IPController] engine::Engine Connected: 47
2023-12-22 05:29:10.138 [IPController] registration::finished registering engine 127:7965667f-e54452c293748a4b6e5f2819 in 24862ms
2023-12-22 05:29:10.138 [IPController] engine::Engine Connected: 127
2023-12-22 05:29:10.139 [IPController] registration::finished registering engine 141:e6a787ac-3abd0f6f21f6bb779e813cd2 in 24834ms
2023-12-22 05:29:10.139 [IPController] engine::Engine Connected: 141
2023-12-22 05:29:10.140 [IPController] registration::finished registering engine 118:bfeaef83-423599b0561e1773859183d5 in 24886ms
2023-12-22 05:29:10.140 [IPController] engine::Engine Connected: 118
2023-12-22 05:29:10.141 [IPController] registration::finished registering engine 95:598ce44f-ca86a27c8bc96873c63bdb8e in 24931ms
2023-12-22 05:29:10.141 [IPController] engine::Engine Connected: 95
2023-12-22 05:29:10.143 [IPController] registration::finished registering engine 59:1754ad5d-ed1d2e2fc013bae317e4941b in 25002ms
2023-12-22 05:29:10.143 [IPController] engine::Engine Connected: 59
2023-12-22 05:29:10.145 [IPController] registration::finished registering engine 176:cba96635-6e9bd27e9cd0b302bbea801d in 24747ms
2023-12-22 05:29:10.145 [IPController] engine::Engine Connected: 176
2023-12-22 05:29:10.147 [IPController] registration::finished registering engine 145:7c4f86fe-b757503e505d10a6cfc09ae3 in 24822ms
2023-12-22 05:29:10.147 [IPController] engine::Engine Connected: 145
2023-12-22 05:29:10.149 [IPController] registration::finished registering engine 122:3ffdd634-b20a5feb083386d09cd9ef34 in 24891ms
2023-12-22 05:29:10.149 [IPController] engine::Engine Connected: 122
2023-12-22 05:29:10.151 [IPController] registration::finished registering engine 129:38ad41cc-2d520c5f51352285dd9c9bdf in 24872ms
2023-12-22 05:29:10.151 [IPController] engine::Engine Connected: 129
2023-12-22 05:29:10.152 [IPController] registration::finished registering engine 196:7aca2b67-cb6b86d5675704ac0cb4399a in 24621ms
2023-12-22 05:29:10.152 [IPController] engine::Engine Connected: 196
2023-12-22 05:29:10.153 [IPController] registration::finished registering engine 192:166b03a2-1db8c4ba78e013f55248954c in 24682ms
2023-12-22 05:29:10.153 [IPController] engine::Engine Connected: 192
2023-12-22 05:29:10.154 [IPController] registration::finished registering engine 94:54119675-376bbd0added31ee502433c4 in 24947ms
2023-12-22 05:29:10.154 [IPController] engine::Engine Connected: 94
2023-12-22 05:29:10.155 [IPController] registration::finished registering engine 100:bc82ebb8-0dab2239495ec3244872a822 in 24929ms
2023-12-22 05:29:10.155 [IPController] engine::Engine Connected: 100
2023-12-22 05:29:10.156 [IPController] registration::finished registering engine 49:e89573df-a7625161d4865411e5255874 in 25051ms
2023-12-22 05:29:10.156 [IPController] engine::Engine Connected: 49
2023-12-22 05:29:10.156 [IPController] registration::finished registering engine 198:26755fe1-353cebf0afe223d1b7f8c3cc in 24341ms
2023-12-22 05:29:10.157 [IPController] engine::Engine Connected: 198
2023-12-22 05:29:10.157 [IPController] registration::finished registering engine 18:ee386540-a1c58c0b034ae1185a31e84c in 25145ms
2023-12-22 05:29:10.158 [IPController] engine::Engine Connected: 18
2023-12-22 05:29:10.158 [IPController] registration::finished registering engine 28:a19e50f2-adbe210052f553dfb95d8f3e in 25115ms
2023-12-22 05:29:10.158 [IPController] engine::Engine Connected: 28
2023-12-22 05:29:10.159 [IPController] registration::finished registering engine 134:f933a792-f0b65cb6f4f059f418346c2f in 24866ms
2023-12-22 05:29:10.160 [IPController] engine::Engine Connected: 134
2023-12-22 05:29:10.161 [IPController] registration::finished registering engine 112:3b27710a-15fa438866a4d761424a5e35 in 24916ms
2023-12-22 05:29:10.161 [IPController] engine::Engine Connected: 112
2023-12-22 05:29:10.162 [IPController] registration::finished registering engine 155:f5517afb-5882c740c58c8e8bc0c852ef in 24819ms
2023-12-22 05:29:10.162 [IPController] engine::Engine Connected: 155
2023-12-22 05:29:10.163 [IPController] registration::finished registering engine 128:4ca340bd-55f5e6731ac3e33504bc8501 in 24885ms
2023-12-22 05:29:10.163 [IPController] engine::Engine Connected: 128
2023-12-22 05:29:10.164 [IPController] registration::finished registering engine 173:007db1bb-bb6e10ab8ebf85c4c970522a in 24771ms
2023-12-22 05:29:10.165 [IPController] engine::Engine Connected: 173
2023-12-22 05:29:10.166 [IPController] registration::finished registering engine 148:d31e1b44-af2ee336d6378624f5cae293 in 24836ms
2023-12-22 05:29:10.166 [IPController] engine::Engine Connected: 148
2023-12-22 05:29:10.167 [IPController] registration::finished registering engine 144:f764e423-d33fbd2523fe1b5b4f59bbc8 in 24845ms
2023-12-22 05:29:10.168 [IPController] engine::Engine Connected: 144
2023-12-22 05:29:10.168 [IPController] registration::finished registering engine 50:ff1d6ad0-5ba82fa407feed217570ab5b in 25062ms
2023-12-22 05:29:10.169 [IPController] engine::Engine Connected: 50
2023-12-22 05:29:10.169 [IPController] registration::finished registering engine 102:f756ddcb-eedef517d49f00d865436888 in 24938ms
2023-12-22 05:29:10.169 [IPController] engine::Engine Connected: 102
2023-12-22 05:29:10.170 [IPController] registration::finished registering engine 159:cdd33791-6707ea23291e2c33aa6c47c7 in 24821ms
2023-12-22 05:29:10.170 [IPController] engine::Engine Connected: 159
2023-12-22 05:29:10.171 [IPController] registration::finished registering engine 140:2e5cf039-ac3dac79eb38e92251b26991 in 24867ms
2023-12-22 05:29:10.172 [IPController] engine::Engine Connected: 140
2023-12-22 05:29:10.173 [IPController] registration::finished registering engine 181:894ecb68-76d41ec1c89d4dc32c43a0a7 in 24753ms
2023-12-22 05:29:10.174 [IPController] engine::Engine Connected: 181
2023-12-22 05:29:10.175 [IPController] registration::finished registering engine 174:c0071960-045109fcaec8157e9e2f2148 in 24781ms
2023-12-22 05:29:10.176 [IPController] engine::Engine Connected: 174
2023-12-22 05:29:10.178 [IPController] registration::finished registering engine 171:22739ad0-8250e471c2b87a34862d7d38 in 24793ms
2023-12-22 05:29:10.178 [IPController] engine::Engine Connected: 171
2023-12-22 05:29:10.179 [IPController] registration::finished registering engine 121:2f3923c4-6dc251cbe8c2d7edecaab519 in 24922ms
2023-12-22 05:29:10.180 [IPController] engine::Engine Connected: 121
2023-12-22 05:29:10.181 [IPController] registration::finished registering engine 85:17a502d2-769531f37511f1e7409364e0 in 24993ms
2023-12-22 05:29:10.181 [IPController] engine::Engine Connected: 85
2023-12-22 05:29:10.183 [IPController] registration::finished registering engine 117:072c98a4-aeee964a807270de03dafd46 in 24930ms
2023-12-22 05:29:10.183 [IPController] engine::Engine Connected: 117
2023-12-22 05:29:10.184 [IPController] registration::finished registering engine 76:c28f8a03-7b72e637208507bfdabcc4ce in 25009ms
2023-12-22 05:29:10.184 [IPController] engine::Engine Connected: 76
2023-12-22 05:29:10.185 [IPController] registration::finished registering engine 152:ac1277c1-06469a019d0433b4666b2add in 24849ms
2023-12-22 05:29:10.185 [IPController] engine::Engine Connected: 152
2023-12-22 05:29:10.187 [IPController] registration::finished registering engine 69:90b7b13e-da0e82b35fec1caa8344cd18 in 25032ms
2023-12-22 05:29:10.187 [IPController] engine::Engine Connected: 69
2023-12-22 05:29:10.188 [IPController] registration::finished registering engine 178:2cdd104c-6d446ec3623b1453d6438657 in 24781ms
2023-12-22 05:29:10.189 [IPController] engine::Engine Connected: 178
2023-12-22 05:29:10.189 [IPController] registration::finished registering engine 191:fd87ca9e-1bd45cba2271437cdd50214e in 24721ms
2023-12-22 05:29:10.189 [IPController] engine::Engine Connected: 191
2023-12-22 05:29:10.190 [IPController] registration::finished registering engine 137:33e17d4a-5d68471389ad18ffc1074065 in 24894ms
2023-12-22 05:29:10.190 [IPController] engine::Engine Connected: 137
2023-12-22 05:29:10.191 [IPController] registration::finished registering engine 158:96c9b8a8-7e3e6fad9ba9a0847fe50027 in 24843ms
2023-12-22 05:29:10.191 [IPController] engine::Engine Connected: 158
2023-12-22 05:29:10.192 [IPController] registration::finished registering engine 65:21e63a17-49fe7ed165c1742377004fd8 in 25041ms
2023-12-22 05:29:10.192 [IPController] engine::Engine Connected: 65
2023-12-22 05:29:10.193 [IPController] registration::finished registering engine 70:387ff05b-8ab724dc06789071583f7116 in 25032ms
2023-12-22 05:29:10.193 [IPController] engine::Engine Connected: 70
2023-12-22 05:29:10.194 [IPController] registration::finished registering engine 42:cfae755f-01df179e8947a1025a4a50ac in 25112ms
2023-12-22 05:29:10.195 [IPController] engine::Engine Connected: 42
2023-12-22 05:29:10.195 [IPController] registration::finished registering engine 180:c68beddc-c21b4cfd7c2d3ff81acebee2 in 24782ms
2023-12-22 05:29:10.196 [IPController] engine::Engine Connected: 180
2023-12-22 05:29:10.197 [IPController] registration::finished registering engine 133:1408258f-0d1df5ab298fda674246d217 in 24905ms
2023-12-22 05:29:10.197 [IPController] engine::Engine Connected: 133
2023-12-22 05:29:10.198 [IPController] registration::finished registering engine 194:6d6848e8-f18281d6d44f91950989d990 in 24706ms
2023-12-22 05:29:10.198 [IPController] engine::Engine Connected: 194
2023-12-22 05:29:10.199 [IPController] registration::finished registering engine 157:ce3331ba-dc33f0a24dc893fa9a8cddf7 in 24852ms
2023-12-22 05:29:10.200 [IPController] engine::Engine Connected: 157
2023-12-22 05:29:10.201 [IPController] registration::finished registering engine 189:85378f83-60f9cf1589e0cd52af59a058 in 24750ms
2023-12-22 05:29:10.201 [IPController] engine::Engine Connected: 189
2023-12-22 05:29:10.203 [IPController] registration::finished registering engine 162:58a66b14-20d4a0a50a3eb2b43fec9532 in 24847ms
2023-12-22 05:29:10.204 [IPController] engine::Engine Connected: 162
2023-12-22 05:29:10.206 [IPController] registration::finished registering engine 193:75a59c6d-8d6cd2803a6114c9b11dc75b in 24725ms
2023-12-22 05:29:10.206 [IPController] engine::Engine Connected: 193
2023-12-22 05:29:10.208 [IPController] registration::finished registering engine 108:0c5ad4a9-02cb323b446458e6536041ee in 24969ms
2023-12-22 05:29:10.208 [IPController] engine::Engine Connected: 108
2023-12-22 05:29:10.210 [IPController] registration::finished registering engine 89:84d0713c-877083e4e0ab72b27aa32929 in 25014ms
2023-12-22 05:29:10.210 [IPController] engine::Engine Connected: 89
2023-12-22 05:29:10.212 [IPController] registration::finished registering engine 131:17f506f9-42ec2315019df5bed569bea8 in 24923ms
2023-12-22 05:29:10.212 [IPController] engine::Engine Connected: 131
2023-12-22 05:29:10.214 [IPController] registration::finished registering engine 41:5dd1942b-dd376dc7f55aee0a25a66218 in 25133ms
2023-12-22 05:29:10.214 [IPController] engine::Engine Connected: 41
2023-12-22 05:29:10.216 [IPController] registration::finished registering engine 57:3831afbe-8075c4e549de908b18e00ae8 in 25077ms
2023-12-22 05:29:10.216 [IPController] engine::Engine Connected: 57
2023-12-22 05:29:10.218 [IPController] registration::finished registering engine 91:1422886f-f42b1132c41bc0999b65e04b in 25019ms
2023-12-22 05:29:10.218 [IPController] engine::Engine Connected: 91
2023-12-22 05:29:10.220 [IPController] registration::finished registering engine 188:55c89fbd-28c1141776345eb351b9b5df in 24779ms
2023-12-22 05:29:10.221 [IPController] engine::Engine Connected: 188
2023-12-22 05:29:10.222 [IPController] registration::finished registering engine 46:01f4c226-de784b22781ce42dbe31a1ba in 25126ms
2023-12-22 05:29:10.222 [IPController] engine::Engine Connected: 46
2023-12-22 05:29:10.223 [IPController] registration::finished registering engine 103:41760fcc-869ee786dd3f35c22ae2eaf8 in 24990ms
2023-12-22 05:29:10.223 [IPController] engine::Engine Connected: 103
2023-12-22 05:29:10.224 [IPController] registration::finished registering engine 114:a7141014-8acfb79bb78572861dfa811c in 24978ms
2023-12-22 05:29:10.224 [IPController] engine::Engine Connected: 114
2023-12-22 05:29:10.225 [IPController] registration::finished registering engine 182:e4274ad6-099c3ffcd0374bbb08eed034 in 24800ms
2023-12-22 05:29:10.225 [IPController] engine::Engine Connected: 182
2023-12-22 05:29:10.226 [IPController] registration::finished registering engine 107:dd4c1c79-0d92bbcc7154c8c84a6b6e1b in 24988ms
2023-12-22 05:29:10.226 [IPController] engine::Engine Connected: 107
2023-12-22 05:29:10.227 [IPController] registration::finished registering engine 146:14ca132f-2517a0819be28029744a592d in 24901ms
2023-12-22 05:29:10.227 [IPController] engine::Engine Connected: 146
2023-12-22 05:29:10.228 [IPController] registration::finished registering engine 110:9ba6f079-2340e3159f56683a8b3ad0c9 in 24986ms
2023-12-22 05:29:10.229 [IPController] engine::Engine Connected: 110
2023-12-22 05:29:10.230 [IPController] registration::finished registering engine 55:5d492dc5-3c4e5be6ea4f0703b7069398 in 25109ms
2023-12-22 05:29:10.230 [IPController] engine::Engine Connected: 55
2023-12-22 05:29:10.231 [IPController] registration::finished registering engine 88:6b2bb3cc-cb351932239213b7088deaed in 25037ms
2023-12-22 05:29:10.231 [IPController] engine::Engine Connected: 88
2023-12-22 05:29:10.232 [IPController] registration::finished registering engine 172:b425ba45-097b37285b87773b9afd9be6 in 24841ms
2023-12-22 05:29:10.233 [IPController] engine::Engine Connected: 172
2023-12-22 05:29:10.234 [IPController] registration::finished registering engine 79:d3e55311-2bdc3b44943cb04273fdc086 in 25056ms
2023-12-22 05:29:10.234 [IPController] engine::Engine Connected: 79
2023-12-22 05:29:10.235 [IPController] registration::finished registering engine 156:9b9204a3-34cfb2198a3a6c8739a8fbb0 in 24888ms
2023-12-22 05:29:10.235 [IPController] engine::Engine Connected: 156
2023-12-22 05:29:10.235 [IPController] registration::finished registering engine 183:93c0a58e-d70ce26edf0adbb7627b9c51 in 24806ms
2023-12-22 05:29:10.236 [IPController] engine::Engine Connected: 183
2023-12-22 05:29:10.236 [IPController] registration::finished registering engine 61:4406b77f-96c66d3ea916685a6e1f1204 in 25093ms
2023-12-22 05:29:10.237 [IPController] engine::Engine Connected: 61
